[2021-07-07 12:44:22] local.ERROR: SQLSTATE[42S01]: Base table or view already exists: 1050 Table 'regencies' already exists (SQL: create table `regencies` (`id` char(4) not null, `province_id` char(2) not null, `name` varchar(50) not null) default character set utf8mb4 collate 'utf8mb4_unicode_ci') {"exception":"[object] (Illuminate\\Database\\QueryException(code: 42S01): SQLSTATE[42S01]: Base table or view already exists: 1050 Table 'regencies' already exists (SQL: create table `regencies` (`id` char(4) not null, `province_id` char(2) not null, `name` varchar(50) not null) default character set utf8mb4 collate 'utf8mb4_unicode_ci') at /home/mrx/Downloads/ranioptical-laravel/vendor/laravel/framework/src/Illuminate/Database/Connection.php:671)
[stacktrace]
#0 /home/mrx/Downloads/ranioptical-laravel/vendor/laravel/framework/src/Illuminate/Database/Connection.php(631): Illuminate\\Database\\Connection->runQueryCallback()
#1 /home/mrx/Downloads/ranioptical-laravel/vendor/laravel/framework/src/Illuminate/Database/Connection.php(465): Illuminate\\Database\\Connection->run()
#2 /home/mrx/Downloads/ranioptical-laravel/vendor/laravel/framework/src/Illuminate/Database/Schema/Blueprint.php(102): Illuminate\\Database\\Connection->statement()
#3 /home/mrx/Downloads/ranioptical-laravel/vendor/laravel/framework/src/Illuminate/Database/Schema/Builder.php(290): Illuminate\\Database\\Schema\\Blueprint->build()
#4 /home/mrx/Downloads/ranioptical-laravel/vendor/laravel/framework/src/Illuminate/Database/Schema/Builder.php(167): Illuminate\\Database\\Schema\\Builder->build()
#5 /home/mrx/Downloads/ranioptical-laravel/vendor/laravel/framework/src/Illuminate/Support/Facades/Facade.php(261): Illuminate\\Database\\Schema\\Builder->create()
#6 /home/mrx/Downloads/ranioptical-laravel/database/migrations/2017_05_02_140444_create_regencies_tables.php(31): Illuminate\\Support\\Facades\\Facade::__callStatic()
#7 /home/mrx/Downloads/ranioptical-laravel/vendor/laravel/framework/src/Illuminate/Database/Migrations/Migrator.php(392): CreateRegenciesTables->up()
#8 /home/mrx/Downloads/ranioptical-laravel/vendor/laravel/framework/src/Illuminate/Database/Migrations/Migrator.php(401): Illuminate\\Database\\Migrations\\Migrator->Illuminate\\Database\\Migrations\\{closure}()
#9 /home/mrx/Downloads/ranioptical-laravel/vendor/laravel/framework/src/Illuminate/Database/Migrations/Migrator.php(200): Illuminate\\Database\\Migrations\\Migrator->runMigration()
#10 /home/mrx/Downloads/ranioptical-laravel/vendor/laravel/framework/src/Illuminate/Database/Migrations/Migrator.php(165): Illuminate\\Database\\Migrations\\Migrator->runUp()
#11 /home/mrx/Downloads/ranioptical-laravel/vendor/laravel/framework/src/Illuminate/Database/Migrations/Migrator.php(110): Illuminate\\Database\\Migrations\\Migrator->runPending()
#12 /home/mrx/Downloads/ranioptical-laravel/vendor/laravel/framework/src/Illuminate/Database/Console/Migrations/MigrateCommand.php(72): Illuminate\\Database\\Migrations\\Migrator->run()
#13 /home/mrx/Downloads/ranioptical-laravel/vendor/laravel/framework/src/Illuminate/Database/Migrations/Migrator.php(541): Illuminate\\Database\\Console\\Migrations\\MigrateCommand->Illuminate\\Database\\Console\\Migrations\\{closure}()
#14 /home/mrx/Downloads/ranioptical-laravel/vendor/laravel/framework/src/Illuminate/Database/Console/Migrations/MigrateCommand.php(81): Illuminate\\Database\\Migrations\\Migrator->usingConnection()
#15 /home/mrx/Downloads/ranioptical-laravel/vendor/laravel/framework/src/Illuminate/Container/BoundMethod.php(36): Illuminate\\Database\\Console\\Migrations\\MigrateCommand->handle()
#16 /home/mrx/Downloads/ranioptical-laravel/vendor/laravel/framework/src/Illuminate/Container/Util.php(37): Illuminate\\Container\\BoundMethod::Illuminate\\Container\\{closure}()
#17 /home/mrx/Downloads/ranioptical-laravel/vendor/laravel/framework/src/Illuminate/Container/BoundMethod.php(93): Illuminate\\Container\\Util::unwrapIfClosure()
#18 /home/mrx/Downloads/ranioptical-laravel/vendor/laravel/framework/src/Illuminate/Container/BoundMethod.php(37): Illuminate\\Container\\BoundMethod::callBoundMethod()
#19 /home/mrx/Downloads/ranioptical-laravel/vendor/laravel/framework/src/Illuminate/Container/Container.php(596): Illuminate\\Container\\BoundMethod::call()
#20 /home/mrx/Downloads/ranioptical-laravel/vendor/laravel/framework/src/Illuminate/Console/Command.php(134): Illuminate\\Container\\Container->call()
#21 /home/mrx/Downloads/ranioptical-laravel/vendor/symfony/console/Command/Command.php(299): Illuminate\\Console\\Command->execute()
#22 /home/mrx/Downloads/ranioptical-laravel/vendor/laravel/framework/src/Illuminate/Console/Command.php(121): Symfony\\Component\\Console\\Command\\Command->run()
#23 /home/mrx/Downloads/ranioptical-laravel/vendor/symfony/console/Application.php(978): Illuminate\\Console\\Command->run()
#24 /home/mrx/Downloads/ranioptical-laravel/vendor/symfony/console/Application.php(295): Symfony\\Component\\Console\\Application->doRunCommand()
#25 /home/mrx/Downloads/ranioptical-laravel/vendor/symfony/console/Application.php(167): Symfony\\Component\\Console\\Application->doRun()
#26 /home/mrx/Downloads/ranioptical-laravel/vendor/laravel/framework/src/Illuminate/Console/Application.php(93): Symfony\\Component\\Console\\Application->run()
#27 /home/mrx/Downloads/ranioptical-laravel/vendor/laravel/framework/src/Illuminate/Foundation/Console/Kernel.php(129): Illuminate\\Console\\Application->run()
#28 /home/mrx/Downloads/ranioptical-laravel/artisan(37): Illuminate\\Foundation\\Console\\Kernel->handle()
#29 {main}

[previous exception] [object] (Doctrine\\DBAL\\Driver\\PDO\\Exception(code: 42S01): SQLSTATE[42S01]: Base table or view already exists: 1050 Table 'regencies' already exists at /home/mrx/Downloads/ranioptical-laravel/vendor/doctrine/dbal/lib/Doctrine/DBAL/Driver/PDO/Exception.php:18)
[stacktrace]
#0 /home/mrx/Downloads/ranioptical-laravel/vendor/doctrine/dbal/lib/Doctrine/DBAL/Driver/PDOStatement.php(114): Doctrine\\DBAL\\Driver\\PDO\\Exception::new()
#1 /home/mrx/Downloads/ranioptical-laravel/vendor/laravel/framework/src/Illuminate/Database/Connection.php(464): Doctrine\\DBAL\\Driver\\PDOStatement->execute()
#2 /home/mrx/Downloads/ranioptical-laravel/vendor/laravel/framework/src/Illuminate/Database/Connection.php(664): Illuminate\\Database\\Connection->Illuminate\\Database\\{closure}()
#3 /home/mrx/Downloads/ranioptical-laravel/vendor/laravel/framework/src/Illuminate/Database/Connection.php(631): Illuminate\\Database\\Connection->runQueryCallback()
#4 /home/mrx/Downloads/ranioptical-laravel/vendor/laravel/framework/src/Illuminate/Database/Connection.php(465): Illuminate\\Database\\Connection->run()
#5 /home/mrx/Downloads/ranioptical-laravel/vendor/laravel/framework/src/Illuminate/Database/Schema/Blueprint.php(102): Illuminate\\Database\\Connection->statement()
#6 /home/mrx/Downloads/ranioptical-laravel/vendor/laravel/framework/src/Illuminate/Database/Schema/Builder.php(290): Illuminate\\Database\\Schema\\Blueprint->build()
#7 /home/mrx/Downloads/ranioptical-laravel/vendor/laravel/framework/src/Illuminate/Database/Schema/Builder.php(167): Illuminate\\Database\\Schema\\Builder->build()
#8 /home/mrx/Downloads/ranioptical-laravel/vendor/laravel/framework/src/Illuminate/Support/Facades/Facade.php(261): Illuminate\\Database\\Schema\\Builder->create()
#9 /home/mrx/Downloads/ranioptical-laravel/database/migrations/2017_05_02_140444_create_regencies_tables.php(31): Illuminate\\Support\\Facades\\Facade::__callStatic()
#10 /home/mrx/Downloads/ranioptical-laravel/vendor/laravel/framework/src/Illuminate/Database/Migrations/Migrator.php(392): CreateRegenciesTables->up()
#11 /home/mrx/Downloads/ranioptical-laravel/vendor/laravel/framework/src/Illuminate/Database/Migrations/Migrator.php(401): Illuminate\\Database\\Migrations\\Migrator->Illuminate\\Database\\Migrations\\{closure}()
#12 /home/mrx/Downloads/ranioptical-laravel/vendor/laravel/framework/src/Illuminate/Database/Migrations/Migrator.php(200): Illuminate\\Database\\Migrations\\Migrator->runMigration()
#13 /home/mrx/Downloads/ranioptical-laravel/vendor/laravel/framework/src/Illuminate/Database/Migrations/Migrator.php(165): Illuminate\\Database\\Migrations\\Migrator->runUp()
#14 /home/mrx/Downloads/ranioptical-laravel/vendor/laravel/framework/src/Illuminate/Database/Migrations/Migrator.php(110): Illuminate\\Database\\Migrations\\Migrator->runPending()
#15 /home/mrx/Downloads/ranioptical-laravel/vendor/laravel/framework/src/Illuminate/Database/Console/Migrations/MigrateCommand.php(72): Illuminate\\Database\\Migrations\\Migrator->run()
#16 /home/mrx/Downloads/ranioptical-laravel/vendor/laravel/framework/src/Illuminate/Database/Migrations/Migrator.php(541): Illuminate\\Database\\Console\\Migrations\\MigrateCommand->Illuminate\\Database\\Console\\Migrations\\{closure}()
#17 /home/mrx/Downloads/ranioptical-laravel/vendor/laravel/framework/src/Illuminate/Database/Console/Migrations/MigrateCommand.php(81): Illuminate\\Database\\Migrations\\Migrator->usingConnection()
#18 /home/mrx/Downloads/ranioptical-laravel/vendor/laravel/framework/src/Illuminate/Container/BoundMethod.php(36): Illuminate\\Database\\Console\\Migrations\\MigrateCommand->handle()
#19 /home/mrx/Downloads/ranioptical-laravel/vendor/laravel/framework/src/Illuminate/Container/Util.php(37): Illuminate\\Container\\BoundMethod::Illuminate\\Container\\{closure}()
#20 /home/mrx/Downloads/ranioptical-laravel/vendor/laravel/framework/src/Illuminate/Container/BoundMethod.php(93): Illuminate\\Container\\Util::unwrapIfClosure()
#21 /home/mrx/Downloads/ranioptical-laravel/vendor/laravel/framework/src/Illuminate/Container/BoundMethod.php(37): Illuminate\\Container\\BoundMethod::callBoundMethod()
#22 /home/mrx/Downloads/ranioptical-laravel/vendor/laravel/framework/src/Illuminate/Container/Container.php(596): Illuminate\\Container\\BoundMethod::call()
#23 /home/mrx/Downloads/ranioptical-laravel/vendor/laravel/framework/src/Illuminate/Console/Command.php(134): Illuminate\\Container\\Container->call()
#24 /home/mrx/Downloads/ranioptical-laravel/vendor/symfony/console/Command/Command.php(299): Illuminate\\Console\\Command->execute()
#25 /home/mrx/Downloads/ranioptical-laravel/vendor/laravel/framework/src/Illuminate/Console/Command.php(121): Symfony\\Component\\Console\\Command\\Command->run()
#26 /home/mrx/Downloads/ranioptical-laravel/vendor/symfony/console/Application.php(978): Illuminate\\Console\\Command->run()
#27 /home/mrx/Downloads/ranioptical-laravel/vendor/symfony/console/Application.php(295): Symfony\\Component\\Console\\Application->doRunCommand()
#28 /home/mrx/Downloads/ranioptical-laravel/vendor/symfony/console/Application.php(167): Symfony\\Component\\Console\\Application->doRun()
#29 /home/mrx/Downloads/ranioptical-laravel/vendor/laravel/framework/src/Illuminate/Console/Application.php(93): Symfony\\Component\\Console\\Application->run()
#30 /home/mrx/Downloads/ranioptical-laravel/vendor/laravel/framework/src/Illuminate/Foundation/Console/Kernel.php(129): Illuminate\\Console\\Application->run()
#31 /home/mrx/Downloads/ranioptical-laravel/artisan(37): Illuminate\\Foundation\\Console\\Kernel->handle()
#32 {main}

[previous exception] [object] (PDOException(code: 42S01): SQLSTATE[42S01]: Base table or view already exists: 1050 Table 'regencies' already exists at /home/mrx/Downloads/ranioptical-laravel/vendor/doctrine/dbal/lib/Doctrine/DBAL/Driver/PDOStatement.php:112)
[stacktrace]
#0 /home/mrx/Downloads/ranioptical-laravel/vendor/doctrine/dbal/lib/Doctrine/DBAL/Driver/PDOStatement.php(112): PDOStatement->execute()
#1 /home/mrx/Downloads/ranioptical-laravel/vendor/laravel/framework/src/Illuminate/Database/Connection.php(464): Doctrine\\DBAL\\Driver\\PDOStatement->execute()
#2 /home/mrx/Downloads/ranioptical-laravel/vendor/laravel/framework/src/Illuminate/Database/Connection.php(664): Illuminate\\Database\\Connection->Illuminate\\Database\\{closure}()
#3 /home/mrx/Downloads/ranioptical-laravel/vendor/laravel/framework/src/Illuminate/Database/Connection.php(631): Illuminate\\Database\\Connection->runQueryCallback()
#4 /home/mrx/Downloads/ranioptical-laravel/vendor/laravel/framework/src/Illuminate/Database/Connection.php(465): Illuminate\\Database\\Connection->run()
#5 /home/mrx/Downloads/ranioptical-laravel/vendor/laravel/framework/src/Illuminate/Database/Schema/Blueprint.php(102): Illuminate\\Database\\Connection->statement()
#6 /home/mrx/Downloads/ranioptical-laravel/vendor/laravel/framework/src/Illuminate/Database/Schema/Builder.php(290): Illuminate\\Database\\Schema\\Blueprint->build()
#7 /home/mrx/Downloads/ranioptical-laravel/vendor/laravel/framework/src/Illuminate/Database/Schema/Builder.php(167): Illuminate\\Database\\Schema\\Builder->build()
#8 /home/mrx/Downloads/ranioptical-laravel/vendor/laravel/framework/src/Illuminate/Support/Facades/Facade.php(261): Illuminate\\Database\\Schema\\Builder->create()
#9 /home/mrx/Downloads/ranioptical-laravel/database/migrations/2017_05_02_140444_create_regencies_tables.php(31): Illuminate\\Support\\Facades\\Facade::__callStatic()
#10 /home/mrx/Downloads/ranioptical-laravel/vendor/laravel/framework/src/Illuminate/Database/Migrations/Migrator.php(392): CreateRegenciesTables->up()
#11 /home/mrx/Downloads/ranioptical-laravel/vendor/laravel/framework/src/Illuminate/Database/Migrations/Migrator.php(401): Illuminate\\Database\\Migrations\\Migrator->Illuminate\\Database\\Migrations\\{closure}()
#12 /home/mrx/Downloads/ranioptical-laravel/vendor/laravel/framework/src/Illuminate/Database/Migrations/Migrator.php(200): Illuminate\\Database\\Migrations\\Migrator->runMigration()
#13 /home/mrx/Downloads/ranioptical-laravel/vendor/laravel/framework/src/Illuminate/Database/Migrations/Migrator.php(165): Illuminate\\Database\\Migrations\\Migrator->runUp()
#14 /home/mrx/Downloads/ranioptical-laravel/vendor/laravel/framework/src/Illuminate/Database/Migrations/Migrator.php(110): Illuminate\\Database\\Migrations\\Migrator->runPending()
#15 /home/mrx/Downloads/ranioptical-laravel/vendor/laravel/framework/src/Illuminate/Database/Console/Migrations/MigrateCommand.php(72): Illuminate\\Database\\Migrations\\Migrator->run()
#16 /home/mrx/Downloads/ranioptical-laravel/vendor/laravel/framework/src/Illuminate/Database/Migrations/Migrator.php(541): Illuminate\\Database\\Console\\Migrations\\MigrateCommand->Illuminate\\Database\\Console\\Migrations\\{closure}()
#17 /home/mrx/Downloads/ranioptical-laravel/vendor/laravel/framework/src/Illuminate/Database/Console/Migrations/MigrateCommand.php(81): Illuminate\\Database\\Migrations\\Migrator->usingConnection()
#18 /home/mrx/Downloads/ranioptical-laravel/vendor/laravel/framework/src/Illuminate/Container/BoundMethod.php(36): Illuminate\\Database\\Console\\Migrations\\MigrateCommand->handle()
#19 /home/mrx/Downloads/ranioptical-laravel/vendor/laravel/framework/src/Illuminate/Container/Util.php(37): Illuminate\\Container\\BoundMethod::Illuminate\\Container\\{closure}()
#20 /home/mrx/Downloads/ranioptical-laravel/vendor/laravel/framework/src/Illuminate/Container/BoundMethod.php(93): Illuminate\\Container\\Util::unwrapIfClosure()
#21 /home/mrx/Downloads/ranioptical-laravel/vendor/laravel/framework/src/Illuminate/Container/BoundMethod.php(37): Illuminate\\Container\\BoundMethod::callBoundMethod()
#22 /home/mrx/Downloads/ranioptical-laravel/vendor/laravel/framework/src/Illuminate/Container/Container.php(596): Illuminate\\Container\\BoundMethod::call()
#23 /home/mrx/Downloads/ranioptical-laravel/vendor/laravel/framework/src/Illuminate/Console/Command.php(134): Illuminate\\Container\\Container->call()
#24 /home/mrx/Downloads/ranioptical-laravel/vendor/symfony/console/Command/Command.php(299): Illuminate\\Console\\Command->execute()
#25 /home/mrx/Downloads/ranioptical-laravel/vendor/laravel/framework/src/Illuminate/Console/Command.php(121): Symfony\\Component\\Console\\Command\\Command->run()
#26 /home/mrx/Downloads/ranioptical-laravel/vendor/symfony/console/Application.php(978): Illuminate\\Console\\Command->run()
#27 /home/mrx/Downloads/ranioptical-laravel/vendor/symfony/console/Application.php(295): Symfony\\Component\\Console\\Application->doRunCommand()
#28 /home/mrx/Downloads/ranioptical-laravel/vendor/symfony/console/Application.php(167): Symfony\\Component\\Console\\Application->doRun()
#29 /home/mrx/Downloads/ranioptical-laravel/vendor/laravel/framework/src/Illuminate/Console/Application.php(93): Symfony\\Component\\Console\\Application->run()
#30 /home/mrx/Downloads/ranioptical-laravel/vendor/laravel/framework/src/Illuminate/Foundation/Console/Kernel.php(129): Illuminate\\Console\\Application->run()
#31 /home/mrx/Downloads/ranioptical-laravel/artisan(37): Illuminate\\Foundation\\Console\\Kernel->handle()
#32 {main}
"} 
[2021-07-07 12:44:51] local.ERROR: SQLSTATE[HY000]: General error: 1005 Can't create table `ranioptical-laravel`.`districts` (errno: 150 "Foreign key constraint is incorrectly formed") (SQL: alter table `districts` add constraint `districts_regency_id_foreign` foreign key (`regency_id`) references `regencies` (`id`) on delete restrict on update cascade) {"exception":"[object] (Illuminate\\Database\\QueryException(code: HY000): SQLSTATE[HY000]: General error: 1005 Can't create table `ranioptical-laravel`.`districts` (errno: 150 \"Foreign key constraint is incorrectly formed\") (SQL: alter table `districts` add constraint `districts_regency_id_foreign` foreign key (`regency_id`) references `regencies` (`id`) on delete restrict on update cascade) at /home/mrx/Downloads/ranioptical-laravel/vendor/laravel/framework/src/Illuminate/Database/Connection.php:671)
[stacktrace]
#0 /home/mrx/Downloads/ranioptical-laravel/vendor/laravel/framework/src/Illuminate/Database/Connection.php(631): Illuminate\\Database\\Connection->runQueryCallback()
#1 /home/mrx/Downloads/ranioptical-laravel/vendor/laravel/framework/src/Illuminate/Database/Connection.php(465): Illuminate\\Database\\Connection->run()
#2 /home/mrx/Downloads/ranioptical-laravel/vendor/laravel/framework/src/Illuminate/Database/Schema/Blueprint.php(102): Illuminate\\Database\\Connection->statement()
#3 /home/mrx/Downloads/ranioptical-laravel/vendor/laravel/framework/src/Illuminate/Database/Schema/Builder.php(290): Illuminate\\Database\\Schema\\Blueprint->build()
#4 /home/mrx/Downloads/ranioptical-laravel/vendor/laravel/framework/src/Illuminate/Database/Schema/Builder.php(167): Illuminate\\Database\\Schema\\Builder->build()
#5 /home/mrx/Downloads/ranioptical-laravel/vendor/laravel/framework/src/Illuminate/Support/Facades/Facade.php(261): Illuminate\\Database\\Schema\\Builder->create()
#6 /home/mrx/Downloads/ranioptical-laravel/database/migrations/2017_05_02_142019_create_districts_tables.php(31): Illuminate\\Support\\Facades\\Facade::__callStatic()
#7 /home/mrx/Downloads/ranioptical-laravel/vendor/laravel/framework/src/Illuminate/Database/Migrations/Migrator.php(392): CreateDistrictsTables->up()
#8 /home/mrx/Downloads/ranioptical-laravel/vendor/laravel/framework/src/Illuminate/Database/Migrations/Migrator.php(401): Illuminate\\Database\\Migrations\\Migrator->Illuminate\\Database\\Migrations\\{closure}()
#9 /home/mrx/Downloads/ranioptical-laravel/vendor/laravel/framework/src/Illuminate/Database/Migrations/Migrator.php(200): Illuminate\\Database\\Migrations\\Migrator->runMigration()
#10 /home/mrx/Downloads/ranioptical-laravel/vendor/laravel/framework/src/Illuminate/Database/Migrations/Migrator.php(165): Illuminate\\Database\\Migrations\\Migrator->runUp()
#11 /home/mrx/Downloads/ranioptical-laravel/vendor/laravel/framework/src/Illuminate/Database/Migrations/Migrator.php(110): Illuminate\\Database\\Migrations\\Migrator->runPending()
#12 /home/mrx/Downloads/ranioptical-laravel/vendor/laravel/framework/src/Illuminate/Database/Console/Migrations/MigrateCommand.php(72): Illuminate\\Database\\Migrations\\Migrator->run()
#13 /home/mrx/Downloads/ranioptical-laravel/vendor/laravel/framework/src/Illuminate/Database/Migrations/Migrator.php(541): Illuminate\\Database\\Console\\Migrations\\MigrateCommand->Illuminate\\Database\\Console\\Migrations\\{closure}()
#14 /home/mrx/Downloads/ranioptical-laravel/vendor/laravel/framework/src/Illuminate/Database/Console/Migrations/MigrateCommand.php(81): Illuminate\\Database\\Migrations\\Migrator->usingConnection()
#15 /home/mrx/Downloads/ranioptical-laravel/vendor/laravel/framework/src/Illuminate/Container/BoundMethod.php(36): Illuminate\\Database\\Console\\Migrations\\MigrateCommand->handle()
#16 /home/mrx/Downloads/ranioptical-laravel/vendor/laravel/framework/src/Illuminate/Container/Util.php(37): Illuminate\\Container\\BoundMethod::Illuminate\\Container\\{closure}()
#17 /home/mrx/Downloads/ranioptical-laravel/vendor/laravel/framework/src/Illuminate/Container/BoundMethod.php(93): Illuminate\\Container\\Util::unwrapIfClosure()
#18 /home/mrx/Downloads/ranioptical-laravel/vendor/laravel/framework/src/Illuminate/Container/BoundMethod.php(37): Illuminate\\Container\\BoundMethod::callBoundMethod()
#19 /home/mrx/Downloads/ranioptical-laravel/vendor/laravel/framework/src/Illuminate/Container/Container.php(596): Illuminate\\Container\\BoundMethod::call()
#20 /home/mrx/Downloads/ranioptical-laravel/vendor/laravel/framework/src/Illuminate/Console/Command.php(134): Illuminate\\Container\\Container->call()
#21 /home/mrx/Downloads/ranioptical-laravel/vendor/symfony/console/Command/Command.php(299): Illuminate\\Console\\Command->execute()
#22 /home/mrx/Downloads/ranioptical-laravel/vendor/laravel/framework/src/Illuminate/Console/Command.php(121): Symfony\\Component\\Console\\Command\\Command->run()
#23 /home/mrx/Downloads/ranioptical-laravel/vendor/symfony/console/Application.php(978): Illuminate\\Console\\Command->run()
#24 /home/mrx/Downloads/ranioptical-laravel/vendor/symfony/console/Application.php(295): Symfony\\Component\\Console\\Application->doRunCommand()
#25 /home/mrx/Downloads/ranioptical-laravel/vendor/symfony/console/Application.php(167): Symfony\\Component\\Console\\Application->doRun()
#26 /home/mrx/Downloads/ranioptical-laravel/vendor/laravel/framework/src/Illuminate/Console/Application.php(93): Symfony\\Component\\Console\\Application->run()
#27 /home/mrx/Downloads/ranioptical-laravel/vendor/laravel/framework/src/Illuminate/Foundation/Console/Kernel.php(129): Illuminate\\Console\\Application->run()
#28 /home/mrx/Downloads/ranioptical-laravel/artisan(37): Illuminate\\Foundation\\Console\\Kernel->handle()
#29 {main}

[previous exception] [object] (Doctrine\\DBAL\\Driver\\PDO\\Exception(code: HY000): SQLSTATE[HY000]: General error: 1005 Can't create table `ranioptical-laravel`.`districts` (errno: 150 \"Foreign key constraint is incorrectly formed\") at /home/mrx/Downloads/ranioptical-laravel/vendor/doctrine/dbal/lib/Doctrine/DBAL/Driver/PDO/Exception.php:18)
[stacktrace]
#0 /home/mrx/Downloads/ranioptical-laravel/vendor/doctrine/dbal/lib/Doctrine/DBAL/Driver/PDOStatement.php(114): Doctrine\\DBAL\\Driver\\PDO\\Exception::new()
#1 /home/mrx/Downloads/ranioptical-laravel/vendor/laravel/framework/src/Illuminate/Database/Connection.php(464): Doctrine\\DBAL\\Driver\\PDOStatement->execute()
#2 /home/mrx/Downloads/ranioptical-laravel/vendor/laravel/framework/src/Illuminate/Database/Connection.php(664): Illuminate\\Database\\Connection->Illuminate\\Database\\{closure}()
#3 /home/mrx/Downloads/ranioptical-laravel/vendor/laravel/framework/src/Illuminate/Database/Connection.php(631): Illuminate\\Database\\Connection->runQueryCallback()
#4 /home/mrx/Downloads/ranioptical-laravel/vendor/laravel/framework/src/Illuminate/Database/Connection.php(465): Illuminate\\Database\\Connection->run()
#5 /home/mrx/Downloads/ranioptical-laravel/vendor/laravel/framework/src/Illuminate/Database/Schema/Blueprint.php(102): Illuminate\\Database\\Connection->statement()
#6 /home/mrx/Downloads/ranioptical-laravel/vendor/laravel/framework/src/Illuminate/Database/Schema/Builder.php(290): Illuminate\\Database\\Schema\\Blueprint->build()
#7 /home/mrx/Downloads/ranioptical-laravel/vendor/laravel/framework/src/Illuminate/Database/Schema/Builder.php(167): Illuminate\\Database\\Schema\\Builder->build()
#8 /home/mrx/Downloads/ranioptical-laravel/vendor/laravel/framework/src/Illuminate/Support/Facades/Facade.php(261): Illuminate\\Database\\Schema\\Builder->create()
#9 /home/mrx/Downloads/ranioptical-laravel/database/migrations/2017_05_02_142019_create_districts_tables.php(31): Illuminate\\Support\\Facades\\Facade::__callStatic()
#10 /home/mrx/Downloads/ranioptical-laravel/vendor/laravel/framework/src/Illuminate/Database/Migrations/Migrator.php(392): CreateDistrictsTables->up()
#11 /home/mrx/Downloads/ranioptical-laravel/vendor/laravel/framework/src/Illuminate/Database/Migrations/Migrator.php(401): Illuminate\\Database\\Migrations\\Migrator->Illuminate\\Database\\Migrations\\{closure}()
#12 /home/mrx/Downloads/ranioptical-laravel/vendor/laravel/framework/src/Illuminate/Database/Migrations/Migrator.php(200): Illuminate\\Database\\Migrations\\Migrator->runMigration()
#13 /home/mrx/Downloads/ranioptical-laravel/vendor/laravel/framework/src/Illuminate/Database/Migrations/Migrator.php(165): Illuminate\\Database\\Migrations\\Migrator->runUp()
#14 /home/mrx/Downloads/ranioptical-laravel/vendor/laravel/framework/src/Illuminate/Database/Migrations/Migrator.php(110): Illuminate\\Database\\Migrations\\Migrator->runPending()
#15 /home/mrx/Downloads/ranioptical-laravel/vendor/laravel/framework/src/Illuminate/Database/Console/Migrations/MigrateCommand.php(72): Illuminate\\Database\\Migrations\\Migrator->run()
#16 /home/mrx/Downloads/ranioptical-laravel/vendor/laravel/framework/src/Illuminate/Database/Migrations/Migrator.php(541): Illuminate\\Database\\Console\\Migrations\\MigrateCommand->Illuminate\\Database\\Console\\Migrations\\{closure}()
#17 /home/mrx/Downloads/ranioptical-laravel/vendor/laravel/framework/src/Illuminate/Database/Console/Migrations/MigrateCommand.php(81): Illuminate\\Database\\Migrations\\Migrator->usingConnection()
#18 /home/mrx/Downloads/ranioptical-laravel/vendor/laravel/framework/src/Illuminate/Container/BoundMethod.php(36): Illuminate\\Database\\Console\\Migrations\\MigrateCommand->handle()
#19 /home/mrx/Downloads/ranioptical-laravel/vendor/laravel/framework/src/Illuminate/Container/Util.php(37): Illuminate\\Container\\BoundMethod::Illuminate\\Container\\{closure}()
#20 /home/mrx/Downloads/ranioptical-laravel/vendor/laravel/framework/src/Illuminate/Container/BoundMethod.php(93): Illuminate\\Container\\Util::unwrapIfClosure()
#21 /home/mrx/Downloads/ranioptical-laravel/vendor/laravel/framework/src/Illuminate/Container/BoundMethod.php(37): Illuminate\\Container\\BoundMethod::callBoundMethod()
#22 /home/mrx/Downloads/ranioptical-laravel/vendor/laravel/framework/src/Illuminate/Container/Container.php(596): Illuminate\\Container\\BoundMethod::call()
#23 /home/mrx/Downloads/ranioptical-laravel/vendor/laravel/framework/src/Illuminate/Console/Command.php(134): Illuminate\\Container\\Container->call()
#24 /home/mrx/Downloads/ranioptical-laravel/vendor/symfony/console/Command/Command.php(299): Illuminate\\Console\\Command->execute()
#25 /home/mrx/Downloads/ranioptical-laravel/vendor/laravel/framework/src/Illuminate/Console/Command.php(121): Symfony\\Component\\Console\\Command\\Command->run()
#26 /home/mrx/Downloads/ranioptical-laravel/vendor/symfony/console/Application.php(978): Illuminate\\Console\\Command->run()
#27 /home/mrx/Downloads/ranioptical-laravel/vendor/symfony/console/Application.php(295): Symfony\\Component\\Console\\Application->doRunCommand()
#28 /home/mrx/Downloads/ranioptical-laravel/vendor/symfony/console/Application.php(167): Symfony\\Component\\Console\\Application->doRun()
#29 /home/mrx/Downloads/ranioptical-laravel/vendor/laravel/framework/src/Illuminate/Console/Application.php(93): Symfony\\Component\\Console\\Application->run()
#30 /home/mrx/Downloads/ranioptical-laravel/vendor/laravel/framework/src/Illuminate/Foundation/Console/Kernel.php(129): Illuminate\\Console\\Application->run()
#31 /home/mrx/Downloads/ranioptical-laravel/artisan(37): Illuminate\\Foundation\\Console\\Kernel->handle()
#32 {main}

[previous exception] [object] (PDOException(code: HY000): SQLSTATE[HY000]: General error: 1005 Can't create table `ranioptical-laravel`.`districts` (errno: 150 \"Foreign key constraint is incorrectly formed\") at /home/mrx/Downloads/ranioptical-laravel/vendor/doctrine/dbal/lib/Doctrine/DBAL/Driver/PDOStatement.php:112)
[stacktrace]
#0 /home/mrx/Downloads/ranioptical-laravel/vendor/doctrine/dbal/lib/Doctrine/DBAL/Driver/PDOStatement.php(112): PDOStatement->execute()
#1 /home/mrx/Downloads/ranioptical-laravel/vendor/laravel/framework/src/Illuminate/Database/Connection.php(464): Doctrine\\DBAL\\Driver\\PDOStatement->execute()
#2 /home/mrx/Downloads/ranioptical-laravel/vendor/laravel/framework/src/Illuminate/Database/Connection.php(664): Illuminate\\Database\\Connection->Illuminate\\Database\\{closure}()
#3 /home/mrx/Downloads/ranioptical-laravel/vendor/laravel/framework/src/Illuminate/Database/Connection.php(631): Illuminate\\Database\\Connection->runQueryCallback()
#4 /home/mrx/Downloads/ranioptical-laravel/vendor/laravel/framework/src/Illuminate/Database/Connection.php(465): Illuminate\\Database\\Connection->run()
#5 /home/mrx/Downloads/ranioptical-laravel/vendor/laravel/framework/src/Illuminate/Database/Schema/Blueprint.php(102): Illuminate\\Database\\Connection->statement()
#6 /home/mrx/Downloads/ranioptical-laravel/vendor/laravel/framework/src/Illuminate/Database/Schema/Builder.php(290): Illuminate\\Database\\Schema\\Blueprint->build()
#7 /home/mrx/Downloads/ranioptical-laravel/vendor/laravel/framework/src/Illuminate/Database/Schema/Builder.php(167): Illuminate\\Database\\Schema\\Builder->build()
#8 /home/mrx/Downloads/ranioptical-laravel/vendor/laravel/framework/src/Illuminate/Support/Facades/Facade.php(261): Illuminate\\Database\\Schema\\Builder->create()
#9 /home/mrx/Downloads/ranioptical-laravel/database/migrations/2017_05_02_142019_create_districts_tables.php(31): Illuminate\\Support\\Facades\\Facade::__callStatic()
#10 /home/mrx/Downloads/ranioptical-laravel/vendor/laravel/framework/src/Illuminate/Database/Migrations/Migrator.php(392): CreateDistrictsTables->up()
#11 /home/mrx/Downloads/ranioptical-laravel/vendor/laravel/framework/src/Illuminate/Database/Migrations/Migrator.php(401): Illuminate\\Database\\Migrations\\Migrator->Illuminate\\Database\\Migrations\\{closure}()
#12 /home/mrx/Downloads/ranioptical-laravel/vendor/laravel/framework/src/Illuminate/Database/Migrations/Migrator.php(200): Illuminate\\Database\\Migrations\\Migrator->runMigration()
#13 /home/mrx/Downloads/ranioptical-laravel/vendor/laravel/framework/src/Illuminate/Database/Migrations/Migrator.php(165): Illuminate\\Database\\Migrations\\Migrator->runUp()
#14 /home/mrx/Downloads/ranioptical-laravel/vendor/laravel/framework/src/Illuminate/Database/Migrations/Migrator.php(110): Illuminate\\Database\\Migrations\\Migrator->runPending()
#15 /home/mrx/Downloads/ranioptical-laravel/vendor/laravel/framework/src/Illuminate/Database/Console/Migrations/MigrateCommand.php(72): Illuminate\\Database\\Migrations\\Migrator->run()
#16 /home/mrx/Downloads/ranioptical-laravel/vendor/laravel/framework/src/Illuminate/Database/Migrations/Migrator.php(541): Illuminate\\Database\\Console\\Migrations\\MigrateCommand->Illuminate\\Database\\Console\\Migrations\\{closure}()
#17 /home/mrx/Downloads/ranioptical-laravel/vendor/laravel/framework/src/Illuminate/Database/Console/Migrations/MigrateCommand.php(81): Illuminate\\Database\\Migrations\\Migrator->usingConnection()
#18 /home/mrx/Downloads/ranioptical-laravel/vendor/laravel/framework/src/Illuminate/Container/BoundMethod.php(36): Illuminate\\Database\\Console\\Migrations\\MigrateCommand->handle()
#19 /home/mrx/Downloads/ranioptical-laravel/vendor/laravel/framework/src/Illuminate/Container/Util.php(37): Illuminate\\Container\\BoundMethod::Illuminate\\Container\\{closure}()
#20 /home/mrx/Downloads/ranioptical-laravel/vendor/laravel/framework/src/Illuminate/Container/BoundMethod.php(93): Illuminate\\Container\\Util::unwrapIfClosure()
#21 /home/mrx/Downloads/ranioptical-laravel/vendor/laravel/framework/src/Illuminate/Container/BoundMethod.php(37): Illuminate\\Container\\BoundMethod::callBoundMethod()
#22 /home/mrx/Downloads/ranioptical-laravel/vendor/laravel/framework/src/Illuminate/Container/Container.php(596): Illuminate\\Container\\BoundMethod::call()
#23 /home/mrx/Downloads/ranioptical-laravel/vendor/laravel/framework/src/Illuminate/Console/Command.php(134): Illuminate\\Container\\Container->call()
#24 /home/mrx/Downloads/ranioptical-laravel/vendor/symfony/console/Command/Command.php(299): Illuminate\\Console\\Command->execute()
#25 /home/mrx/Downloads/ranioptical-laravel/vendor/laravel/framework/src/Illuminate/Console/Command.php(121): Symfony\\Component\\Console\\Command\\Command->run()
#26 /home/mrx/Downloads/ranioptical-laravel/vendor/symfony/console/Application.php(978): Illuminate\\Console\\Command->run()
#27 /home/mrx/Downloads/ranioptical-laravel/vendor/symfony/console/Application.php(295): Symfony\\Component\\Console\\Application->doRunCommand()
#28 /home/mrx/Downloads/ranioptical-laravel/vendor/symfony/console/Application.php(167): Symfony\\Component\\Console\\Application->doRun()
#29 /home/mrx/Downloads/ranioptical-laravel/vendor/laravel/framework/src/Illuminate/Console/Application.php(93): Symfony\\Component\\Console\\Application->run()
#30 /home/mrx/Downloads/ranioptical-laravel/vendor/laravel/framework/src/Illuminate/Foundation/Console/Kernel.php(129): Illuminate\\Console\\Application->run()
#31 /home/mrx/Downloads/ranioptical-laravel/artisan(37): Illuminate\\Foundation\\Console\\Kernel->handle()
#32 {main}
"} 
[2021-07-07 12:45:11] local.ERROR: SQLSTATE[42S01]: Base table or view already exists: 1050 Table 'provinces' already exists (SQL: create table `provinces` (`id` bigint unsigned not null auto_increment primary key, `province_id` int unsigned not null, `title` varchar(255) not null, `created_at` timestamp null, `updated_at` timestamp null) default character set utf8mb4 collate 'utf8mb4_unicode_ci') {"exception":"[object] (Illuminate\\Database\\QueryException(code: 42S01): SQLSTATE[42S01]: Base table or view already exists: 1050 Table 'provinces' already exists (SQL: create table `provinces` (`id` bigint unsigned not null auto_increment primary key, `province_id` int unsigned not null, `title` varchar(255) not null, `created_at` timestamp null, `updated_at` timestamp null) default character set utf8mb4 collate 'utf8mb4_unicode_ci') at /home/mrx/Downloads/ranioptical-laravel/vendor/laravel/framework/src/Illuminate/Database/Connection.php:671)
[stacktrace]
#0 /home/mrx/Downloads/ranioptical-laravel/vendor/laravel/framework/src/Illuminate/Database/Connection.php(631): Illuminate\\Database\\Connection->runQueryCallback()
#1 /home/mrx/Downloads/ranioptical-laravel/vendor/laravel/framework/src/Illuminate/Database/Connection.php(465): Illuminate\\Database\\Connection->run()
#2 /home/mrx/Downloads/ranioptical-laravel/vendor/laravel/framework/src/Illuminate/Database/Schema/Blueprint.php(102): Illuminate\\Database\\Connection->statement()
#3 /home/mrx/Downloads/ranioptical-laravel/vendor/laravel/framework/src/Illuminate/Database/Schema/Builder.php(290): Illuminate\\Database\\Schema\\Blueprint->build()
#4 /home/mrx/Downloads/ranioptical-laravel/vendor/laravel/framework/src/Illuminate/Database/Schema/Builder.php(167): Illuminate\\Database\\Schema\\Builder->build()
#5 /home/mrx/Downloads/ranioptical-laravel/vendor/laravel/framework/src/Illuminate/Support/Facades/Facade.php(261): Illuminate\\Database\\Schema\\Builder->create()
#6 /home/mrx/Downloads/ranioptical-laravel/database/migrations/2021_07_06_111223_create_provinces_table.php(21): Illuminate\\Support\\Facades\\Facade::__callStatic()
#7 /home/mrx/Downloads/ranioptical-laravel/vendor/laravel/framework/src/Illuminate/Database/Migrations/Migrator.php(392): CreateProvincesTable->up()
#8 /home/mrx/Downloads/ranioptical-laravel/vendor/laravel/framework/src/Illuminate/Database/Migrations/Migrator.php(401): Illuminate\\Database\\Migrations\\Migrator->Illuminate\\Database\\Migrations\\{closure}()
#9 /home/mrx/Downloads/ranioptical-laravel/vendor/laravel/framework/src/Illuminate/Database/Migrations/Migrator.php(200): Illuminate\\Database\\Migrations\\Migrator->runMigration()
#10 /home/mrx/Downloads/ranioptical-laravel/vendor/laravel/framework/src/Illuminate/Database/Migrations/Migrator.php(165): Illuminate\\Database\\Migrations\\Migrator->runUp()
#11 /home/mrx/Downloads/ranioptical-laravel/vendor/laravel/framework/src/Illuminate/Database/Migrations/Migrator.php(110): Illuminate\\Database\\Migrations\\Migrator->runPending()
#12 /home/mrx/Downloads/ranioptical-laravel/vendor/laravel/framework/src/Illuminate/Database/Console/Migrations/MigrateCommand.php(72): Illuminate\\Database\\Migrations\\Migrator->run()
#13 /home/mrx/Downloads/ranioptical-laravel/vendor/laravel/framework/src/Illuminate/Database/Migrations/Migrator.php(541): Illuminate\\Database\\Console\\Migrations\\MigrateCommand->Illuminate\\Database\\Console\\Migrations\\{closure}()
#14 /home/mrx/Downloads/ranioptical-laravel/vendor/laravel/framework/src/Illuminate/Database/Console/Migrations/MigrateCommand.php(81): Illuminate\\Database\\Migrations\\Migrator->usingConnection()
#15 /home/mrx/Downloads/ranioptical-laravel/vendor/laravel/framework/src/Illuminate/Container/BoundMethod.php(36): Illuminate\\Database\\Console\\Migrations\\MigrateCommand->handle()
#16 /home/mrx/Downloads/ranioptical-laravel/vendor/laravel/framework/src/Illuminate/Container/Util.php(37): Illuminate\\Container\\BoundMethod::Illuminate\\Container\\{closure}()
#17 /home/mrx/Downloads/ranioptical-laravel/vendor/laravel/framework/src/Illuminate/Container/BoundMethod.php(93): Illuminate\\Container\\Util::unwrapIfClosure()
#18 /home/mrx/Downloads/ranioptical-laravel/vendor/laravel/framework/src/Illuminate/Container/BoundMethod.php(37): Illuminate\\Container\\BoundMethod::callBoundMethod()
#19 /home/mrx/Downloads/ranioptical-laravel/vendor/laravel/framework/src/Illuminate/Container/Container.php(596): Illuminate\\Container\\BoundMethod::call()
#20 /home/mrx/Downloads/ranioptical-laravel/vendor/laravel/framework/src/Illuminate/Console/Command.php(134): Illuminate\\Container\\Container->call()
#21 /home/mrx/Downloads/ranioptical-laravel/vendor/symfony/console/Command/Command.php(299): Illuminate\\Console\\Command->execute()
#22 /home/mrx/Downloads/ranioptical-laravel/vendor/laravel/framework/src/Illuminate/Console/Command.php(121): Symfony\\Component\\Console\\Command\\Command->run()
#23 /home/mrx/Downloads/ranioptical-laravel/vendor/symfony/console/Application.php(978): Illuminate\\Console\\Command->run()
#24 /home/mrx/Downloads/ranioptical-laravel/vendor/symfony/console/Application.php(295): Symfony\\Component\\Console\\Application->doRunCommand()
#25 /home/mrx/Downloads/ranioptical-laravel/vendor/symfony/console/Application.php(167): Symfony\\Component\\Console\\Application->doRun()
#26 /home/mrx/Downloads/ranioptical-laravel/vendor/laravel/framework/src/Illuminate/Console/Application.php(93): Symfony\\Component\\Console\\Application->run()
#27 /home/mrx/Downloads/ranioptical-laravel/vendor/laravel/framework/src/Illuminate/Foundation/Console/Kernel.php(129): Illuminate\\Console\\Application->run()
#28 /home/mrx/Downloads/ranioptical-laravel/artisan(37): Illuminate\\Foundation\\Console\\Kernel->handle()
#29 {main}

[previous exception] [object] (Doctrine\\DBAL\\Driver\\PDO\\Exception(code: 42S01): SQLSTATE[42S01]: Base table or view already exists: 1050 Table 'provinces' already exists at /home/mrx/Downloads/ranioptical-laravel/vendor/doctrine/dbal/lib/Doctrine/DBAL/Driver/PDO/Exception.php:18)
[stacktrace]
#0 /home/mrx/Downloads/ranioptical-laravel/vendor/doctrine/dbal/lib/Doctrine/DBAL/Driver/PDOStatement.php(114): Doctrine\\DBAL\\Driver\\PDO\\Exception::new()
#1 /home/mrx/Downloads/ranioptical-laravel/vendor/laravel/framework/src/Illuminate/Database/Connection.php(464): Doctrine\\DBAL\\Driver\\PDOStatement->execute()
#2 /home/mrx/Downloads/ranioptical-laravel/vendor/laravel/framework/src/Illuminate/Database/Connection.php(664): Illuminate\\Database\\Connection->Illuminate\\Database\\{closure}()
#3 /home/mrx/Downloads/ranioptical-laravel/vendor/laravel/framework/src/Illuminate/Database/Connection.php(631): Illuminate\\Database\\Connection->runQueryCallback()
#4 /home/mrx/Downloads/ranioptical-laravel/vendor/laravel/framework/src/Illuminate/Database/Connection.php(465): Illuminate\\Database\\Connection->run()
#5 /home/mrx/Downloads/ranioptical-laravel/vendor/laravel/framework/src/Illuminate/Database/Schema/Blueprint.php(102): Illuminate\\Database\\Connection->statement()
#6 /home/mrx/Downloads/ranioptical-laravel/vendor/laravel/framework/src/Illuminate/Database/Schema/Builder.php(290): Illuminate\\Database\\Schema\\Blueprint->build()
#7 /home/mrx/Downloads/ranioptical-laravel/vendor/laravel/framework/src/Illuminate/Database/Schema/Builder.php(167): Illuminate\\Database\\Schema\\Builder->build()
#8 /home/mrx/Downloads/ranioptical-laravel/vendor/laravel/framework/src/Illuminate/Support/Facades/Facade.php(261): Illuminate\\Database\\Schema\\Builder->create()
#9 /home/mrx/Downloads/ranioptical-laravel/database/migrations/2021_07_06_111223_create_provinces_table.php(21): Illuminate\\Support\\Facades\\Facade::__callStatic()
#10 /home/mrx/Downloads/ranioptical-laravel/vendor/laravel/framework/src/Illuminate/Database/Migrations/Migrator.php(392): CreateProvincesTable->up()
#11 /home/mrx/Downloads/ranioptical-laravel/vendor/laravel/framework/src/Illuminate/Database/Migrations/Migrator.php(401): Illuminate\\Database\\Migrations\\Migrator->Illuminate\\Database\\Migrations\\{closure}()
#12 /home/mrx/Downloads/ranioptical-laravel/vendor/laravel/framework/src/Illuminate/Database/Migrations/Migrator.php(200): Illuminate\\Database\\Migrations\\Migrator->runMigration()
#13 /home/mrx/Downloads/ranioptical-laravel/vendor/laravel/framework/src/Illuminate/Database/Migrations/Migrator.php(165): Illuminate\\Database\\Migrations\\Migrator->runUp()
#14 /home/mrx/Downloads/ranioptical-laravel/vendor/laravel/framework/src/Illuminate/Database/Migrations/Migrator.php(110): Illuminate\\Database\\Migrations\\Migrator->runPending()
#15 /home/mrx/Downloads/ranioptical-laravel/vendor/laravel/framework/src/Illuminate/Database/Console/Migrations/MigrateCommand.php(72): Illuminate\\Database\\Migrations\\Migrator->run()
#16 /home/mrx/Downloads/ranioptical-laravel/vendor/laravel/framework/src/Illuminate/Database/Migrations/Migrator.php(541): Illuminate\\Database\\Console\\Migrations\\MigrateCommand->Illuminate\\Database\\Console\\Migrations\\{closure}()
#17 /home/mrx/Downloads/ranioptical-laravel/vendor/laravel/framework/src/Illuminate/Database/Console/Migrations/MigrateCommand.php(81): Illuminate\\Database\\Migrations\\Migrator->usingConnection()
#18 /home/mrx/Downloads/ranioptical-laravel/vendor/laravel/framework/src/Illuminate/Container/BoundMethod.php(36): Illuminate\\Database\\Console\\Migrations\\MigrateCommand->handle()
#19 /home/mrx/Downloads/ranioptical-laravel/vendor/laravel/framework/src/Illuminate/Container/Util.php(37): Illuminate\\Container\\BoundMethod::Illuminate\\Container\\{closure}()
#20 /home/mrx/Downloads/ranioptical-laravel/vendor/laravel/framework/src/Illuminate/Container/BoundMethod.php(93): Illuminate\\Container\\Util::unwrapIfClosure()
#21 /home/mrx/Downloads/ranioptical-laravel/vendor/laravel/framework/src/Illuminate/Container/BoundMethod.php(37): Illuminate\\Container\\BoundMethod::callBoundMethod()
#22 /home/mrx/Downloads/ranioptical-laravel/vendor/laravel/framework/src/Illuminate/Container/Container.php(596): Illuminate\\Container\\BoundMethod::call()
#23 /home/mrx/Downloads/ranioptical-laravel/vendor/laravel/framework/src/Illuminate/Console/Command.php(134): Illuminate\\Container\\Container->call()
#24 /home/mrx/Downloads/ranioptical-laravel/vendor/symfony/console/Command/Command.php(299): Illuminate\\Console\\Command->execute()
#25 /home/mrx/Downloads/ranioptical-laravel/vendor/laravel/framework/src/Illuminate/Console/Command.php(121): Symfony\\Component\\Console\\Command\\Command->run()
#26 /home/mrx/Downloads/ranioptical-laravel/vendor/symfony/console/Application.php(978): Illuminate\\Console\\Command->run()
#27 /home/mrx/Downloads/ranioptical-laravel/vendor/symfony/console/Application.php(295): Symfony\\Component\\Console\\Application->doRunCommand()
#28 /home/mrx/Downloads/ranioptical-laravel/vendor/symfony/console/Application.php(167): Symfony\\Component\\Console\\Application->doRun()
#29 /home/mrx/Downloads/ranioptical-laravel/vendor/laravel/framework/src/Illuminate/Console/Application.php(93): Symfony\\Component\\Console\\Application->run()
#30 /home/mrx/Downloads/ranioptical-laravel/vendor/laravel/framework/src/Illuminate/Foundation/Console/Kernel.php(129): Illuminate\\Console\\Application->run()
#31 /home/mrx/Downloads/ranioptical-laravel/artisan(37): Illuminate\\Foundation\\Console\\Kernel->handle()
#32 {main}

[previous exception] [object] (PDOException(code: 42S01): SQLSTATE[42S01]: Base table or view already exists: 1050 Table 'provinces' already exists at /home/mrx/Downloads/ranioptical-laravel/vendor/doctrine/dbal/lib/Doctrine/DBAL/Driver/PDOStatement.php:112)
[stacktrace]
#0 /home/mrx/Downloads/ranioptical-laravel/vendor/doctrine/dbal/lib/Doctrine/DBAL/Driver/PDOStatement.php(112): PDOStatement->execute()
#1 /home/mrx/Downloads/ranioptical-laravel/vendor/laravel/framework/src/Illuminate/Database/Connection.php(464): Doctrine\\DBAL\\Driver\\PDOStatement->execute()
#2 /home/mrx/Downloads/ranioptical-laravel/vendor/laravel/framework/src/Illuminate/Database/Connection.php(664): Illuminate\\Database\\Connection->Illuminate\\Database\\{closure}()
#3 /home/mrx/Downloads/ranioptical-laravel/vendor/laravel/framework/src/Illuminate/Database/Connection.php(631): Illuminate\\Database\\Connection->runQueryCallback()
#4 /home/mrx/Downloads/ranioptical-laravel/vendor/laravel/framework/src/Illuminate/Database/Connection.php(465): Illuminate\\Database\\Connection->run()
#5 /home/mrx/Downloads/ranioptical-laravel/vendor/laravel/framework/src/Illuminate/Database/Schema/Blueprint.php(102): Illuminate\\Database\\Connection->statement()
#6 /home/mrx/Downloads/ranioptical-laravel/vendor/laravel/framework/src/Illuminate/Database/Schema/Builder.php(290): Illuminate\\Database\\Schema\\Blueprint->build()
#7 /home/mrx/Downloads/ranioptical-laravel/vendor/laravel/framework/src/Illuminate/Database/Schema/Builder.php(167): Illuminate\\Database\\Schema\\Builder->build()
#8 /home/mrx/Downloads/ranioptical-laravel/vendor/laravel/framework/src/Illuminate/Support/Facades/Facade.php(261): Illuminate\\Database\\Schema\\Builder->create()
#9 /home/mrx/Downloads/ranioptical-laravel/database/migrations/2021_07_06_111223_create_provinces_table.php(21): Illuminate\\Support\\Facades\\Facade::__callStatic()
#10 /home/mrx/Downloads/ranioptical-laravel/vendor/laravel/framework/src/Illuminate/Database/Migrations/Migrator.php(392): CreateProvincesTable->up()
#11 /home/mrx/Downloads/ranioptical-laravel/vendor/laravel/framework/src/Illuminate/Database/Migrations/Migrator.php(401): Illuminate\\Database\\Migrations\\Migrator->Illuminate\\Database\\Migrations\\{closure}()
#12 /home/mrx/Downloads/ranioptical-laravel/vendor/laravel/framework/src/Illuminate/Database/Migrations/Migrator.php(200): Illuminate\\Database\\Migrations\\Migrator->runMigration()
#13 /home/mrx/Downloads/ranioptical-laravel/vendor/laravel/framework/src/Illuminate/Database/Migrations/Migrator.php(165): Illuminate\\Database\\Migrations\\Migrator->runUp()
#14 /home/mrx/Downloads/ranioptical-laravel/vendor/laravel/framework/src/Illuminate/Database/Migrations/Migrator.php(110): Illuminate\\Database\\Migrations\\Migrator->runPending()
#15 /home/mrx/Downloads/ranioptical-laravel/vendor/laravel/framework/src/Illuminate/Database/Console/Migrations/MigrateCommand.php(72): Illuminate\\Database\\Migrations\\Migrator->run()
#16 /home/mrx/Downloads/ranioptical-laravel/vendor/laravel/framework/src/Illuminate/Database/Migrations/Migrator.php(541): Illuminate\\Database\\Console\\Migrations\\MigrateCommand->Illuminate\\Database\\Console\\Migrations\\{closure}()
#17 /home/mrx/Downloads/ranioptical-laravel/vendor/laravel/framework/src/Illuminate/Database/Console/Migrations/MigrateCommand.php(81): Illuminate\\Database\\Migrations\\Migrator->usingConnection()
#18 /home/mrx/Downloads/ranioptical-laravel/vendor/laravel/framework/src/Illuminate/Container/BoundMethod.php(36): Illuminate\\Database\\Console\\Migrations\\MigrateCommand->handle()
#19 /home/mrx/Downloads/ranioptical-laravel/vendor/laravel/framework/src/Illuminate/Container/Util.php(37): Illuminate\\Container\\BoundMethod::Illuminate\\Container\\{closure}()
#20 /home/mrx/Downloads/ranioptical-laravel/vendor/laravel/framework/src/Illuminate/Container/BoundMethod.php(93): Illuminate\\Container\\Util::unwrapIfClosure()
#21 /home/mrx/Downloads/ranioptical-laravel/vendor/laravel/framework/src/Illuminate/Container/BoundMethod.php(37): Illuminate\\Container\\BoundMethod::callBoundMethod()
#22 /home/mrx/Downloads/ranioptical-laravel/vendor/laravel/framework/src/Illuminate/Container/Container.php(596): Illuminate\\Container\\BoundMethod::call()
#23 /home/mrx/Downloads/ranioptical-laravel/vendor/laravel/framework/src/Illuminate/Console/Command.php(134): Illuminate\\Container\\Container->call()
#24 /home/mrx/Downloads/ranioptical-laravel/vendor/symfony/console/Command/Command.php(299): Illuminate\\Console\\Command->execute()
#25 /home/mrx/Downloads/ranioptical-laravel/vendor/laravel/framework/src/Illuminate/Console/Command.php(121): Symfony\\Component\\Console\\Command\\Command->run()
#26 /home/mrx/Downloads/ranioptical-laravel/vendor/symfony/console/Application.php(978): Illuminate\\Console\\Command->run()
#27 /home/mrx/Downloads/ranioptical-laravel/vendor/symfony/console/Application.php(295): Symfony\\Component\\Console\\Application->doRunCommand()
#28 /home/mrx/Downloads/ranioptical-laravel/vendor/symfony/console/Application.php(167): Symfony\\Component\\Console\\Application->doRun()
#29 /home/mrx/Downloads/ranioptical-laravel/vendor/laravel/framework/src/Illuminate/Console/Application.php(93): Symfony\\Component\\Console\\Application->run()
#30 /home/mrx/Downloads/ranioptical-laravel/vendor/laravel/framework/src/Illuminate/Foundation/Console/Kernel.php(129): Illuminate\\Console\\Application->run()
#31 /home/mrx/Downloads/ranioptical-laravel/artisan(37): Illuminate\\Foundation\\Console\\Kernel->handle()
#32 {main}
"} 
[2021-07-07 12:45:17] local.ERROR: Trying to access array offset on value of type null {"exception":"[object] (ErrorException(code: 0): Trying to access array offset on value of type null at /home/mrx/Downloads/ranioptical-laravel/vendor/kavist/rajaongkir/src/Providers/LaravelServiceProvider.php:51)
[stacktrace]
#0 /home/mrx/Downloads/ranioptical-laravel/vendor/kavist/rajaongkir/src/Providers/LaravelServiceProvider.php(51): Illuminate\\Foundation\\Bootstrap\\HandleExceptions->handleError()
#1 /home/mrx/Downloads/ranioptical-laravel/vendor/kavist/rajaongkir/src/Providers/LaravelServiceProvider.php(41): Kavist\\RajaOngkir\\Providers\\LaravelServiceProvider->guardAgainstInvalidConfiguration()
#2 /home/mrx/Downloads/ranioptical-laravel/vendor/laravel/framework/src/Illuminate/Container/Container.php(805): Kavist\\RajaOngkir\\Providers\\LaravelServiceProvider->Kavist\\RajaOngkir\\Providers\\{closure}()
#3 /home/mrx/Downloads/ranioptical-laravel/vendor/laravel/framework/src/Illuminate/Container/Container.php(691): Illuminate\\Container\\Container->build()
#4 /home/mrx/Downloads/ranioptical-laravel/vendor/laravel/framework/src/Illuminate/Foundation/Application.php(796): Illuminate\\Container\\Container->resolve()
#5 /home/mrx/Downloads/ranioptical-laravel/vendor/laravel/framework/src/Illuminate/Container/Container.php(637): Illuminate\\Foundation\\Application->resolve()
#6 /home/mrx/Downloads/ranioptical-laravel/vendor/laravel/framework/src/Illuminate/Foundation/Application.php(781): Illuminate\\Container\\Container->make()
#7 /home/mrx/Downloads/ranioptical-laravel/vendor/laravel/framework/src/Illuminate/Container/Container.php(1284): Illuminate\\Foundation\\Application->make()
#8 /home/mrx/Downloads/ranioptical-laravel/vendor/laravel/framework/src/Illuminate/Support/Facades/Facade.php(198): Illuminate\\Container\\Container->offsetGet()
#9 /home/mrx/Downloads/ranioptical-laravel/vendor/laravel/framework/src/Illuminate/Support/Facades/Facade.php(166): Illuminate\\Support\\Facades\\Facade::resolveFacadeInstance()
#10 /home/mrx/Downloads/ranioptical-laravel/vendor/laravel/framework/src/Illuminate/Support/Facades/Facade.php(255): Illuminate\\Support\\Facades\\Facade::getFacadeRoot()
#11 /home/mrx/Downloads/ranioptical-laravel/database/seeds/LocationsTableSeeder.php(17): Illuminate\\Support\\Facades\\Facade::__callStatic()
#12 /home/mrx/Downloads/ranioptical-laravel/vendor/laravel/framework/src/Illuminate/Container/BoundMethod.php(36): LocationsTableSeeder->run()
#13 /home/mrx/Downloads/ranioptical-laravel/vendor/laravel/framework/src/Illuminate/Container/Util.php(37): Illuminate\\Container\\BoundMethod::Illuminate\\Container\\{closure}()
#14 /home/mrx/Downloads/ranioptical-laravel/vendor/laravel/framework/src/Illuminate/Container/BoundMethod.php(93): Illuminate\\Container\\Util::unwrapIfClosure()
#15 /home/mrx/Downloads/ranioptical-laravel/vendor/laravel/framework/src/Illuminate/Container/BoundMethod.php(37): Illuminate\\Container\\BoundMethod::callBoundMethod()
#16 /home/mrx/Downloads/ranioptical-laravel/vendor/laravel/framework/src/Illuminate/Container/Container.php(596): Illuminate\\Container\\BoundMethod::call()
#17 /home/mrx/Downloads/ranioptical-laravel/vendor/laravel/framework/src/Illuminate/Database/Seeder.php(134): Illuminate\\Container\\Container->call()
#18 /home/mrx/Downloads/ranioptical-laravel/vendor/laravel/framework/src/Illuminate/Database/Seeder.php(48): Illuminate\\Database\\Seeder->__invoke()
#19 /home/mrx/Downloads/ranioptical-laravel/database/seeds/DatabaseSeeder.php(16): Illuminate\\Database\\Seeder->call()
#20 /home/mrx/Downloads/ranioptical-laravel/vendor/laravel/framework/src/Illuminate/Container/BoundMethod.php(36): DatabaseSeeder->run()
#21 /home/mrx/Downloads/ranioptical-laravel/vendor/laravel/framework/src/Illuminate/Container/Util.php(37): Illuminate\\Container\\BoundMethod::Illuminate\\Container\\{closure}()
#22 /home/mrx/Downloads/ranioptical-laravel/vendor/laravel/framework/src/Illuminate/Container/BoundMethod.php(93): Illuminate\\Container\\Util::unwrapIfClosure()
#23 /home/mrx/Downloads/ranioptical-laravel/vendor/laravel/framework/src/Illuminate/Container/BoundMethod.php(37): Illuminate\\Container\\BoundMethod::callBoundMethod()
#24 /home/mrx/Downloads/ranioptical-laravel/vendor/laravel/framework/src/Illuminate/Container/Container.php(596): Illuminate\\Container\\BoundMethod::call()
#25 /home/mrx/Downloads/ranioptical-laravel/vendor/laravel/framework/src/Illuminate/Database/Seeder.php(134): Illuminate\\Container\\Container->call()
#26 /home/mrx/Downloads/ranioptical-laravel/vendor/laravel/framework/src/Illuminate/Database/Console/Seeds/SeedCommand.php(65): Illuminate\\Database\\Seeder->__invoke()
#27 /home/mrx/Downloads/ranioptical-laravel/vendor/laravel/framework/src/Illuminate/Database/Eloquent/Concerns/GuardsAttributes.php(155): Illuminate\\Database\\Console\\Seeds\\SeedCommand->Illuminate\\Database\\Console\\Seeds\\{closure}()
#28 /home/mrx/Downloads/ranioptical-laravel/vendor/laravel/framework/src/Illuminate/Database/Console/Seeds/SeedCommand.php(66): Illuminate\\Database\\Eloquent\\Model::unguarded()
#29 /home/mrx/Downloads/ranioptical-laravel/vendor/laravel/framework/src/Illuminate/Container/BoundMethod.php(36): Illuminate\\Database\\Console\\Seeds\\SeedCommand->handle()
#30 /home/mrx/Downloads/ranioptical-laravel/vendor/laravel/framework/src/Illuminate/Container/Util.php(37): Illuminate\\Container\\BoundMethod::Illuminate\\Container\\{closure}()
#31 /home/mrx/Downloads/ranioptical-laravel/vendor/laravel/framework/src/Illuminate/Container/BoundMethod.php(93): Illuminate\\Container\\Util::unwrapIfClosure()
#32 /home/mrx/Downloads/ranioptical-laravel/vendor/laravel/framework/src/Illuminate/Container/BoundMethod.php(37): Illuminate\\Container\\BoundMethod::callBoundMethod()
#33 /home/mrx/Downloads/ranioptical-laravel/vendor/laravel/framework/src/Illuminate/Container/Container.php(596): Illuminate\\Container\\BoundMethod::call()
#34 /home/mrx/Downloads/ranioptical-laravel/vendor/laravel/framework/src/Illuminate/Console/Command.php(134): Illuminate\\Container\\Container->call()
#35 /home/mrx/Downloads/ranioptical-laravel/vendor/symfony/console/Command/Command.php(299): Illuminate\\Console\\Command->execute()
#36 /home/mrx/Downloads/ranioptical-laravel/vendor/laravel/framework/src/Illuminate/Console/Command.php(121): Symfony\\Component\\Console\\Command\\Command->run()
#37 /home/mrx/Downloads/ranioptical-laravel/vendor/laravel/framework/src/Illuminate/Console/Concerns/CallsCommands.php(56): Illuminate\\Console\\Command->run()
#38 /home/mrx/Downloads/ranioptical-laravel/vendor/laravel/framework/src/Illuminate/Console/Concerns/CallsCommands.php(28): Illuminate\\Console\\Command->runCommand()
#39 /home/mrx/Downloads/ranioptical-laravel/vendor/laravel/framework/src/Illuminate/Database/Console/Migrations/MigrateCommand.php(79): Illuminate\\Console\\Command->call()
#40 /home/mrx/Downloads/ranioptical-laravel/vendor/laravel/framework/src/Illuminate/Database/Migrations/Migrator.php(541): Illuminate\\Database\\Console\\Migrations\\MigrateCommand->Illuminate\\Database\\Console\\Migrations\\{closure}()
#41 /home/mrx/Downloads/ranioptical-laravel/vendor/laravel/framework/src/Illuminate/Database/Console/Migrations/MigrateCommand.php(81): Illuminate\\Database\\Migrations\\Migrator->usingConnection()
#42 /home/mrx/Downloads/ranioptical-laravel/vendor/laravel/framework/src/Illuminate/Container/BoundMethod.php(36): Illuminate\\Database\\Console\\Migrations\\MigrateCommand->handle()
#43 /home/mrx/Downloads/ranioptical-laravel/vendor/laravel/framework/src/Illuminate/Container/Util.php(37): Illuminate\\Container\\BoundMethod::Illuminate\\Container\\{closure}()
#44 /home/mrx/Downloads/ranioptical-laravel/vendor/laravel/framework/src/Illuminate/Container/BoundMethod.php(93): Illuminate\\Container\\Util::unwrapIfClosure()
#45 /home/mrx/Downloads/ranioptical-laravel/vendor/laravel/framework/src/Illuminate/Container/BoundMethod.php(37): Illuminate\\Container\\BoundMethod::callBoundMethod()
#46 /home/mrx/Downloads/ranioptical-laravel/vendor/laravel/framework/src/Illuminate/Container/Container.php(596): Illuminate\\Container\\BoundMethod::call()
#47 /home/mrx/Downloads/ranioptical-laravel/vendor/laravel/framework/src/Illuminate/Console/Command.php(134): Illuminate\\Container\\Container->call()
#48 /home/mrx/Downloads/ranioptical-laravel/vendor/symfony/console/Command/Command.php(299): Illuminate\\Console\\Command->execute()
#49 /home/mrx/Downloads/ranioptical-laravel/vendor/laravel/framework/src/Illuminate/Console/Command.php(121): Symfony\\Component\\Console\\Command\\Command->run()
#50 /home/mrx/Downloads/ranioptical-laravel/vendor/symfony/console/Application.php(978): Illuminate\\Console\\Command->run()
#51 /home/mrx/Downloads/ranioptical-laravel/vendor/symfony/console/Application.php(295): Symfony\\Component\\Console\\Application->doRunCommand()
#52 /home/mrx/Downloads/ranioptical-laravel/vendor/symfony/console/Application.php(167): Symfony\\Component\\Console\\Application->doRun()
#53 /home/mrx/Downloads/ranioptical-laravel/vendor/laravel/framework/src/Illuminate/Console/Application.php(93): Symfony\\Component\\Console\\Application->run()
#54 /home/mrx/Downloads/ranioptical-laravel/vendor/laravel/framework/src/Illuminate/Foundation/Console/Kernel.php(129): Illuminate\\Console\\Application->run()
#55 /home/mrx/Downloads/ranioptical-laravel/artisan(37): Illuminate\\Foundation\\Console\\Kernel->handle()
#56 {main}
"} 
[2021-07-07 12:46:59] local.ERROR: Non-static method Kavist\RajaOngkir\RajaOngkir::provinsi() should not be called statically {"exception":"[object] (ErrorException(code: 0): Non-static method Kavist\\RajaOngkir\\RajaOngkir::provinsi() should not be called statically at /home/mrx/Downloads/ranioptical-laravel/database/seeds/LocationsTableSeeder.php:17)
[stacktrace]
#0 /home/mrx/Downloads/ranioptical-laravel/database/seeds/LocationsTableSeeder.php(17): Illuminate\\Foundation\\Bootstrap\\HandleExceptions->handleError()
#1 /home/mrx/Downloads/ranioptical-laravel/vendor/laravel/framework/src/Illuminate/Container/BoundMethod.php(36): LocationsTableSeeder->run()
#2 /home/mrx/Downloads/ranioptical-laravel/vendor/laravel/framework/src/Illuminate/Container/Util.php(37): Illuminate\\Container\\BoundMethod::Illuminate\\Container\\{closure}()
#3 /home/mrx/Downloads/ranioptical-laravel/vendor/laravel/framework/src/Illuminate/Container/BoundMethod.php(93): Illuminate\\Container\\Util::unwrapIfClosure()
#4 /home/mrx/Downloads/ranioptical-laravel/vendor/laravel/framework/src/Illuminate/Container/BoundMethod.php(37): Illuminate\\Container\\BoundMethod::callBoundMethod()
#5 /home/mrx/Downloads/ranioptical-laravel/vendor/laravel/framework/src/Illuminate/Container/Container.php(596): Illuminate\\Container\\BoundMethod::call()
#6 /home/mrx/Downloads/ranioptical-laravel/vendor/laravel/framework/src/Illuminate/Database/Seeder.php(134): Illuminate\\Container\\Container->call()
#7 /home/mrx/Downloads/ranioptical-laravel/vendor/laravel/framework/src/Illuminate/Database/Seeder.php(48): Illuminate\\Database\\Seeder->__invoke()
#8 /home/mrx/Downloads/ranioptical-laravel/database/seeds/DatabaseSeeder.php(16): Illuminate\\Database\\Seeder->call()
#9 /home/mrx/Downloads/ranioptical-laravel/vendor/laravel/framework/src/Illuminate/Container/BoundMethod.php(36): DatabaseSeeder->run()
#10 /home/mrx/Downloads/ranioptical-laravel/vendor/laravel/framework/src/Illuminate/Container/Util.php(37): Illuminate\\Container\\BoundMethod::Illuminate\\Container\\{closure}()
#11 /home/mrx/Downloads/ranioptical-laravel/vendor/laravel/framework/src/Illuminate/Container/BoundMethod.php(93): Illuminate\\Container\\Util::unwrapIfClosure()
#12 /home/mrx/Downloads/ranioptical-laravel/vendor/laravel/framework/src/Illuminate/Container/BoundMethod.php(37): Illuminate\\Container\\BoundMethod::callBoundMethod()
#13 /home/mrx/Downloads/ranioptical-laravel/vendor/laravel/framework/src/Illuminate/Container/Container.php(596): Illuminate\\Container\\BoundMethod::call()
#14 /home/mrx/Downloads/ranioptical-laravel/vendor/laravel/framework/src/Illuminate/Database/Seeder.php(134): Illuminate\\Container\\Container->call()
#15 /home/mrx/Downloads/ranioptical-laravel/vendor/laravel/framework/src/Illuminate/Database/Console/Seeds/SeedCommand.php(65): Illuminate\\Database\\Seeder->__invoke()
#16 /home/mrx/Downloads/ranioptical-laravel/vendor/laravel/framework/src/Illuminate/Database/Eloquent/Concerns/GuardsAttributes.php(155): Illuminate\\Database\\Console\\Seeds\\SeedCommand->Illuminate\\Database\\Console\\Seeds\\{closure}()
#17 /home/mrx/Downloads/ranioptical-laravel/vendor/laravel/framework/src/Illuminate/Database/Console/Seeds/SeedCommand.php(66): Illuminate\\Database\\Eloquent\\Model::unguarded()
#18 /home/mrx/Downloads/ranioptical-laravel/vendor/laravel/framework/src/Illuminate/Container/BoundMethod.php(36): Illuminate\\Database\\Console\\Seeds\\SeedCommand->handle()
#19 /home/mrx/Downloads/ranioptical-laravel/vendor/laravel/framework/src/Illuminate/Container/Util.php(37): Illuminate\\Container\\BoundMethod::Illuminate\\Container\\{closure}()
#20 /home/mrx/Downloads/ranioptical-laravel/vendor/laravel/framework/src/Illuminate/Container/BoundMethod.php(93): Illuminate\\Container\\Util::unwrapIfClosure()
#21 /home/mrx/Downloads/ranioptical-laravel/vendor/laravel/framework/src/Illuminate/Container/BoundMethod.php(37): Illuminate\\Container\\BoundMethod::callBoundMethod()
#22 /home/mrx/Downloads/ranioptical-laravel/vendor/laravel/framework/src/Illuminate/Container/Container.php(596): Illuminate\\Container\\BoundMethod::call()
#23 /home/mrx/Downloads/ranioptical-laravel/vendor/laravel/framework/src/Illuminate/Console/Command.php(134): Illuminate\\Container\\Container->call()
#24 /home/mrx/Downloads/ranioptical-laravel/vendor/symfony/console/Command/Command.php(299): Illuminate\\Console\\Command->execute()
#25 /home/mrx/Downloads/ranioptical-laravel/vendor/laravel/framework/src/Illuminate/Console/Command.php(121): Symfony\\Component\\Console\\Command\\Command->run()
#26 /home/mrx/Downloads/ranioptical-laravel/vendor/laravel/framework/src/Illuminate/Console/Concerns/CallsCommands.php(56): Illuminate\\Console\\Command->run()
#27 /home/mrx/Downloads/ranioptical-laravel/vendor/laravel/framework/src/Illuminate/Console/Concerns/CallsCommands.php(28): Illuminate\\Console\\Command->runCommand()
#28 /home/mrx/Downloads/ranioptical-laravel/vendor/laravel/framework/src/Illuminate/Database/Console/Migrations/MigrateCommand.php(79): Illuminate\\Console\\Command->call()
#29 /home/mrx/Downloads/ranioptical-laravel/vendor/laravel/framework/src/Illuminate/Database/Migrations/Migrator.php(541): Illuminate\\Database\\Console\\Migrations\\MigrateCommand->Illuminate\\Database\\Console\\Migrations\\{closure}()
#30 /home/mrx/Downloads/ranioptical-laravel/vendor/laravel/framework/src/Illuminate/Database/Console/Migrations/MigrateCommand.php(81): Illuminate\\Database\\Migrations\\Migrator->usingConnection()
#31 /home/mrx/Downloads/ranioptical-laravel/vendor/laravel/framework/src/Illuminate/Container/BoundMethod.php(36): Illuminate\\Database\\Console\\Migrations\\MigrateCommand->handle()
#32 /home/mrx/Downloads/ranioptical-laravel/vendor/laravel/framework/src/Illuminate/Container/Util.php(37): Illuminate\\Container\\BoundMethod::Illuminate\\Container\\{closure}()
#33 /home/mrx/Downloads/ranioptical-laravel/vendor/laravel/framework/src/Illuminate/Container/BoundMethod.php(93): Illuminate\\Container\\Util::unwrapIfClosure()
#34 /home/mrx/Downloads/ranioptical-laravel/vendor/laravel/framework/src/Illuminate/Container/BoundMethod.php(37): Illuminate\\Container\\BoundMethod::callBoundMethod()
#35 /home/mrx/Downloads/ranioptical-laravel/vendor/laravel/framework/src/Illuminate/Container/Container.php(596): Illuminate\\Container\\BoundMethod::call()
#36 /home/mrx/Downloads/ranioptical-laravel/vendor/laravel/framework/src/Illuminate/Console/Command.php(134): Illuminate\\Container\\Container->call()
#37 /home/mrx/Downloads/ranioptical-laravel/vendor/symfony/console/Command/Command.php(299): Illuminate\\Console\\Command->execute()
#38 /home/mrx/Downloads/ranioptical-laravel/vendor/laravel/framework/src/Illuminate/Console/Command.php(121): Symfony\\Component\\Console\\Command\\Command->run()
#39 /home/mrx/Downloads/ranioptical-laravel/vendor/symfony/console/Application.php(978): Illuminate\\Console\\Command->run()
#40 /home/mrx/Downloads/ranioptical-laravel/vendor/symfony/console/Application.php(295): Symfony\\Component\\Console\\Application->doRunCommand()
#41 /home/mrx/Downloads/ranioptical-laravel/vendor/symfony/console/Application.php(167): Symfony\\Component\\Console\\Application->doRun()
#42 /home/mrx/Downloads/ranioptical-laravel/vendor/laravel/framework/src/Illuminate/Console/Application.php(93): Symfony\\Component\\Console\\Application->run()
#43 /home/mrx/Downloads/ranioptical-laravel/vendor/laravel/framework/src/Illuminate/Foundation/Console/Kernel.php(129): Illuminate\\Console\\Application->run()
#44 /home/mrx/Downloads/ranioptical-laravel/artisan(37): Illuminate\\Foundation\\Console\\Kernel->handle()
#45 {main}
"} 
[2021-07-07 12:47:14] local.ERROR: Trying to access array offset on value of type null {"exception":"[object] (ErrorException(code: 0): Trying to access array offset on value of type null at /home/mrx/Downloads/ranioptical-laravel/vendor/kavist/rajaongkir/src/Providers/LaravelServiceProvider.php:51)
[stacktrace]
#0 /home/mrx/Downloads/ranioptical-laravel/vendor/kavist/rajaongkir/src/Providers/LaravelServiceProvider.php(51): Illuminate\\Foundation\\Bootstrap\\HandleExceptions->handleError()
#1 /home/mrx/Downloads/ranioptical-laravel/vendor/kavist/rajaongkir/src/Providers/LaravelServiceProvider.php(41): Kavist\\RajaOngkir\\Providers\\LaravelServiceProvider->guardAgainstInvalidConfiguration()
#2 /home/mrx/Downloads/ranioptical-laravel/vendor/laravel/framework/src/Illuminate/Container/Container.php(805): Kavist\\RajaOngkir\\Providers\\LaravelServiceProvider->Kavist\\RajaOngkir\\Providers\\{closure}()
#3 /home/mrx/Downloads/ranioptical-laravel/vendor/laravel/framework/src/Illuminate/Container/Container.php(691): Illuminate\\Container\\Container->build()
#4 /home/mrx/Downloads/ranioptical-laravel/vendor/laravel/framework/src/Illuminate/Foundation/Application.php(796): Illuminate\\Container\\Container->resolve()
#5 /home/mrx/Downloads/ranioptical-laravel/vendor/laravel/framework/src/Illuminate/Container/Container.php(637): Illuminate\\Foundation\\Application->resolve()
#6 /home/mrx/Downloads/ranioptical-laravel/vendor/laravel/framework/src/Illuminate/Foundation/Application.php(781): Illuminate\\Container\\Container->make()
#7 /home/mrx/Downloads/ranioptical-laravel/vendor/laravel/framework/src/Illuminate/Container/Container.php(1284): Illuminate\\Foundation\\Application->make()
#8 /home/mrx/Downloads/ranioptical-laravel/vendor/laravel/framework/src/Illuminate/Support/Facades/Facade.php(198): Illuminate\\Container\\Container->offsetGet()
#9 /home/mrx/Downloads/ranioptical-laravel/vendor/laravel/framework/src/Illuminate/Support/Facades/Facade.php(166): Illuminate\\Support\\Facades\\Facade::resolveFacadeInstance()
#10 /home/mrx/Downloads/ranioptical-laravel/vendor/laravel/framework/src/Illuminate/Support/Facades/Facade.php(255): Illuminate\\Support\\Facades\\Facade::getFacadeRoot()
#11 /home/mrx/Downloads/ranioptical-laravel/database/seeds/LocationsTableSeeder.php(17): Illuminate\\Support\\Facades\\Facade::__callStatic()
#12 /home/mrx/Downloads/ranioptical-laravel/vendor/laravel/framework/src/Illuminate/Container/BoundMethod.php(36): LocationsTableSeeder->run()
#13 /home/mrx/Downloads/ranioptical-laravel/vendor/laravel/framework/src/Illuminate/Container/Util.php(37): Illuminate\\Container\\BoundMethod::Illuminate\\Container\\{closure}()
#14 /home/mrx/Downloads/ranioptical-laravel/vendor/laravel/framework/src/Illuminate/Container/BoundMethod.php(93): Illuminate\\Container\\Util::unwrapIfClosure()
#15 /home/mrx/Downloads/ranioptical-laravel/vendor/laravel/framework/src/Illuminate/Container/BoundMethod.php(37): Illuminate\\Container\\BoundMethod::callBoundMethod()
#16 /home/mrx/Downloads/ranioptical-laravel/vendor/laravel/framework/src/Illuminate/Container/Container.php(596): Illuminate\\Container\\BoundMethod::call()
#17 /home/mrx/Downloads/ranioptical-laravel/vendor/laravel/framework/src/Illuminate/Database/Seeder.php(134): Illuminate\\Container\\Container->call()
#18 /home/mrx/Downloads/ranioptical-laravel/vendor/laravel/framework/src/Illuminate/Database/Seeder.php(48): Illuminate\\Database\\Seeder->__invoke()
#19 /home/mrx/Downloads/ranioptical-laravel/database/seeds/DatabaseSeeder.php(16): Illuminate\\Database\\Seeder->call()
#20 /home/mrx/Downloads/ranioptical-laravel/vendor/laravel/framework/src/Illuminate/Container/BoundMethod.php(36): DatabaseSeeder->run()
#21 /home/mrx/Downloads/ranioptical-laravel/vendor/laravel/framework/src/Illuminate/Container/Util.php(37): Illuminate\\Container\\BoundMethod::Illuminate\\Container\\{closure}()
#22 /home/mrx/Downloads/ranioptical-laravel/vendor/laravel/framework/src/Illuminate/Container/BoundMethod.php(93): Illuminate\\Container\\Util::unwrapIfClosure()
#23 /home/mrx/Downloads/ranioptical-laravel/vendor/laravel/framework/src/Illuminate/Container/BoundMethod.php(37): Illuminate\\Container\\BoundMethod::callBoundMethod()
#24 /home/mrx/Downloads/ranioptical-laravel/vendor/laravel/framework/src/Illuminate/Container/Container.php(596): Illuminate\\Container\\BoundMethod::call()
#25 /home/mrx/Downloads/ranioptical-laravel/vendor/laravel/framework/src/Illuminate/Database/Seeder.php(134): Illuminate\\Container\\Container->call()
#26 /home/mrx/Downloads/ranioptical-laravel/vendor/laravel/framework/src/Illuminate/Database/Console/Seeds/SeedCommand.php(65): Illuminate\\Database\\Seeder->__invoke()
#27 /home/mrx/Downloads/ranioptical-laravel/vendor/laravel/framework/src/Illuminate/Database/Eloquent/Concerns/GuardsAttributes.php(155): Illuminate\\Database\\Console\\Seeds\\SeedCommand->Illuminate\\Database\\Console\\Seeds\\{closure}()
#28 /home/mrx/Downloads/ranioptical-laravel/vendor/laravel/framework/src/Illuminate/Database/Console/Seeds/SeedCommand.php(66): Illuminate\\Database\\Eloquent\\Model::unguarded()
#29 /home/mrx/Downloads/ranioptical-laravel/vendor/laravel/framework/src/Illuminate/Container/BoundMethod.php(36): Illuminate\\Database\\Console\\Seeds\\SeedCommand->handle()
#30 /home/mrx/Downloads/ranioptical-laravel/vendor/laravel/framework/src/Illuminate/Container/Util.php(37): Illuminate\\Container\\BoundMethod::Illuminate\\Container\\{closure}()
#31 /home/mrx/Downloads/ranioptical-laravel/vendor/laravel/framework/src/Illuminate/Container/BoundMethod.php(93): Illuminate\\Container\\Util::unwrapIfClosure()
#32 /home/mrx/Downloads/ranioptical-laravel/vendor/laravel/framework/src/Illuminate/Container/BoundMethod.php(37): Illuminate\\Container\\BoundMethod::callBoundMethod()
#33 /home/mrx/Downloads/ranioptical-laravel/vendor/laravel/framework/src/Illuminate/Container/Container.php(596): Illuminate\\Container\\BoundMethod::call()
#34 /home/mrx/Downloads/ranioptical-laravel/vendor/laravel/framework/src/Illuminate/Console/Command.php(134): Illuminate\\Container\\Container->call()
#35 /home/mrx/Downloads/ranioptical-laravel/vendor/symfony/console/Command/Command.php(299): Illuminate\\Console\\Command->execute()
#36 /home/mrx/Downloads/ranioptical-laravel/vendor/laravel/framework/src/Illuminate/Console/Command.php(121): Symfony\\Component\\Console\\Command\\Command->run()
#37 /home/mrx/Downloads/ranioptical-laravel/vendor/laravel/framework/src/Illuminate/Console/Concerns/CallsCommands.php(56): Illuminate\\Console\\Command->run()
#38 /home/mrx/Downloads/ranioptical-laravel/vendor/laravel/framework/src/Illuminate/Console/Concerns/CallsCommands.php(28): Illuminate\\Console\\Command->runCommand()
#39 /home/mrx/Downloads/ranioptical-laravel/vendor/laravel/framework/src/Illuminate/Database/Console/Migrations/MigrateCommand.php(79): Illuminate\\Console\\Command->call()
#40 /home/mrx/Downloads/ranioptical-laravel/vendor/laravel/framework/src/Illuminate/Database/Migrations/Migrator.php(541): Illuminate\\Database\\Console\\Migrations\\MigrateCommand->Illuminate\\Database\\Console\\Migrations\\{closure}()
#41 /home/mrx/Downloads/ranioptical-laravel/vendor/laravel/framework/src/Illuminate/Database/Console/Migrations/MigrateCommand.php(81): Illuminate\\Database\\Migrations\\Migrator->usingConnection()
#42 /home/mrx/Downloads/ranioptical-laravel/vendor/laravel/framework/src/Illuminate/Container/BoundMethod.php(36): Illuminate\\Database\\Console\\Migrations\\MigrateCommand->handle()
#43 /home/mrx/Downloads/ranioptical-laravel/vendor/laravel/framework/src/Illuminate/Container/Util.php(37): Illuminate\\Container\\BoundMethod::Illuminate\\Container\\{closure}()
#44 /home/mrx/Downloads/ranioptical-laravel/vendor/laravel/framework/src/Illuminate/Container/BoundMethod.php(93): Illuminate\\Container\\Util::unwrapIfClosure()
#45 /home/mrx/Downloads/ranioptical-laravel/vendor/laravel/framework/src/Illuminate/Container/BoundMethod.php(37): Illuminate\\Container\\BoundMethod::callBoundMethod()
#46 /home/mrx/Downloads/ranioptical-laravel/vendor/laravel/framework/src/Illuminate/Container/Container.php(596): Illuminate\\Container\\BoundMethod::call()
#47 /home/mrx/Downloads/ranioptical-laravel/vendor/laravel/framework/src/Illuminate/Console/Command.php(134): Illuminate\\Container\\Container->call()
#48 /home/mrx/Downloads/ranioptical-laravel/vendor/symfony/console/Command/Command.php(299): Illuminate\\Console\\Command->execute()
#49 /home/mrx/Downloads/ranioptical-laravel/vendor/laravel/framework/src/Illuminate/Console/Command.php(121): Symfony\\Component\\Console\\Command\\Command->run()
#50 /home/mrx/Downloads/ranioptical-laravel/vendor/symfony/console/Application.php(978): Illuminate\\Console\\Command->run()
#51 /home/mrx/Downloads/ranioptical-laravel/vendor/symfony/console/Application.php(295): Symfony\\Component\\Console\\Application->doRunCommand()
#52 /home/mrx/Downloads/ranioptical-laravel/vendor/symfony/console/Application.php(167): Symfony\\Component\\Console\\Application->doRun()
#53 /home/mrx/Downloads/ranioptical-laravel/vendor/laravel/framework/src/Illuminate/Console/Application.php(93): Symfony\\Component\\Console\\Application->run()
#54 /home/mrx/Downloads/ranioptical-laravel/vendor/laravel/framework/src/Illuminate/Foundation/Console/Kernel.php(129): Illuminate\\Console\\Application->run()
#55 /home/mrx/Downloads/ranioptical-laravel/artisan(37): Illuminate\\Foundation\\Console\\Kernel->handle()
#56 {main}
"} 
[2021-07-07 12:48:39] local.ERROR: Trying to access array offset on value of type null {"exception":"[object] (ErrorException(code: 0): Trying to access array offset on value of type null at /home/mrx/Downloads/ranioptical-laravel/vendor/kavist/rajaongkir/src/Providers/LaravelServiceProvider.php:51)
[stacktrace]
#0 /home/mrx/Downloads/ranioptical-laravel/vendor/kavist/rajaongkir/src/Providers/LaravelServiceProvider.php(51): Illuminate\\Foundation\\Bootstrap\\HandleExceptions->handleError()
#1 /home/mrx/Downloads/ranioptical-laravel/vendor/kavist/rajaongkir/src/Providers/LaravelServiceProvider.php(41): Kavist\\RajaOngkir\\Providers\\LaravelServiceProvider->guardAgainstInvalidConfiguration()
#2 /home/mrx/Downloads/ranioptical-laravel/vendor/laravel/framework/src/Illuminate/Container/Container.php(805): Kavist\\RajaOngkir\\Providers\\LaravelServiceProvider->Kavist\\RajaOngkir\\Providers\\{closure}()
#3 /home/mrx/Downloads/ranioptical-laravel/vendor/laravel/framework/src/Illuminate/Container/Container.php(691): Illuminate\\Container\\Container->build()
#4 /home/mrx/Downloads/ranioptical-laravel/vendor/laravel/framework/src/Illuminate/Foundation/Application.php(796): Illuminate\\Container\\Container->resolve()
#5 /home/mrx/Downloads/ranioptical-laravel/vendor/laravel/framework/src/Illuminate/Container/Container.php(637): Illuminate\\Foundation\\Application->resolve()
#6 /home/mrx/Downloads/ranioptical-laravel/vendor/laravel/framework/src/Illuminate/Foundation/Application.php(781): Illuminate\\Container\\Container->make()
#7 /home/mrx/Downloads/ranioptical-laravel/vendor/laravel/framework/src/Illuminate/Container/Container.php(1284): Illuminate\\Foundation\\Application->make()
#8 /home/mrx/Downloads/ranioptical-laravel/vendor/laravel/framework/src/Illuminate/Support/Facades/Facade.php(198): Illuminate\\Container\\Container->offsetGet()
#9 /home/mrx/Downloads/ranioptical-laravel/vendor/laravel/framework/src/Illuminate/Support/Facades/Facade.php(166): Illuminate\\Support\\Facades\\Facade::resolveFacadeInstance()
#10 /home/mrx/Downloads/ranioptical-laravel/vendor/laravel/framework/src/Illuminate/Support/Facades/Facade.php(255): Illuminate\\Support\\Facades\\Facade::getFacadeRoot()
#11 /home/mrx/Downloads/ranioptical-laravel/database/seeds/LocationsTableSeeder.php(17): Illuminate\\Support\\Facades\\Facade::__callStatic()
#12 /home/mrx/Downloads/ranioptical-laravel/vendor/laravel/framework/src/Illuminate/Container/BoundMethod.php(36): LocationsTableSeeder->run()
#13 /home/mrx/Downloads/ranioptical-laravel/vendor/laravel/framework/src/Illuminate/Container/Util.php(37): Illuminate\\Container\\BoundMethod::Illuminate\\Container\\{closure}()
#14 /home/mrx/Downloads/ranioptical-laravel/vendor/laravel/framework/src/Illuminate/Container/BoundMethod.php(93): Illuminate\\Container\\Util::unwrapIfClosure()
#15 /home/mrx/Downloads/ranioptical-laravel/vendor/laravel/framework/src/Illuminate/Container/BoundMethod.php(37): Illuminate\\Container\\BoundMethod::callBoundMethod()
#16 /home/mrx/Downloads/ranioptical-laravel/vendor/laravel/framework/src/Illuminate/Container/Container.php(596): Illuminate\\Container\\BoundMethod::call()
#17 /home/mrx/Downloads/ranioptical-laravel/vendor/laravel/framework/src/Illuminate/Database/Seeder.php(134): Illuminate\\Container\\Container->call()
#18 /home/mrx/Downloads/ranioptical-laravel/vendor/laravel/framework/src/Illuminate/Database/Seeder.php(48): Illuminate\\Database\\Seeder->__invoke()
#19 /home/mrx/Downloads/ranioptical-laravel/database/seeds/DatabaseSeeder.php(16): Illuminate\\Database\\Seeder->call()
#20 /home/mrx/Downloads/ranioptical-laravel/vendor/laravel/framework/src/Illuminate/Container/BoundMethod.php(36): DatabaseSeeder->run()
#21 /home/mrx/Downloads/ranioptical-laravel/vendor/laravel/framework/src/Illuminate/Container/Util.php(37): Illuminate\\Container\\BoundMethod::Illuminate\\Container\\{closure}()
#22 /home/mrx/Downloads/ranioptical-laravel/vendor/laravel/framework/src/Illuminate/Container/BoundMethod.php(93): Illuminate\\Container\\Util::unwrapIfClosure()
#23 /home/mrx/Downloads/ranioptical-laravel/vendor/laravel/framework/src/Illuminate/Container/BoundMethod.php(37): Illuminate\\Container\\BoundMethod::callBoundMethod()
#24 /home/mrx/Downloads/ranioptical-laravel/vendor/laravel/framework/src/Illuminate/Container/Container.php(596): Illuminate\\Container\\BoundMethod::call()
#25 /home/mrx/Downloads/ranioptical-laravel/vendor/laravel/framework/src/Illuminate/Database/Seeder.php(134): Illuminate\\Container\\Container->call()
#26 /home/mrx/Downloads/ranioptical-laravel/vendor/laravel/framework/src/Illuminate/Database/Console/Seeds/SeedCommand.php(65): Illuminate\\Database\\Seeder->__invoke()
#27 /home/mrx/Downloads/ranioptical-laravel/vendor/laravel/framework/src/Illuminate/Database/Eloquent/Concerns/GuardsAttributes.php(155): Illuminate\\Database\\Console\\Seeds\\SeedCommand->Illuminate\\Database\\Console\\Seeds\\{closure}()
#28 /home/mrx/Downloads/ranioptical-laravel/vendor/laravel/framework/src/Illuminate/Database/Console/Seeds/SeedCommand.php(66): Illuminate\\Database\\Eloquent\\Model::unguarded()
#29 /home/mrx/Downloads/ranioptical-laravel/vendor/laravel/framework/src/Illuminate/Container/BoundMethod.php(36): Illuminate\\Database\\Console\\Seeds\\SeedCommand->handle()
#30 /home/mrx/Downloads/ranioptical-laravel/vendor/laravel/framework/src/Illuminate/Container/Util.php(37): Illuminate\\Container\\BoundMethod::Illuminate\\Container\\{closure}()
#31 /home/mrx/Downloads/ranioptical-laravel/vendor/laravel/framework/src/Illuminate/Container/BoundMethod.php(93): Illuminate\\Container\\Util::unwrapIfClosure()
#32 /home/mrx/Downloads/ranioptical-laravel/vendor/laravel/framework/src/Illuminate/Container/BoundMethod.php(37): Illuminate\\Container\\BoundMethod::callBoundMethod()
#33 /home/mrx/Downloads/ranioptical-laravel/vendor/laravel/framework/src/Illuminate/Container/Container.php(596): Illuminate\\Container\\BoundMethod::call()
#34 /home/mrx/Downloads/ranioptical-laravel/vendor/laravel/framework/src/Illuminate/Console/Command.php(134): Illuminate\\Container\\Container->call()
#35 /home/mrx/Downloads/ranioptical-laravel/vendor/symfony/console/Command/Command.php(299): Illuminate\\Console\\Command->execute()
#36 /home/mrx/Downloads/ranioptical-laravel/vendor/laravel/framework/src/Illuminate/Console/Command.php(121): Symfony\\Component\\Console\\Command\\Command->run()
#37 /home/mrx/Downloads/ranioptical-laravel/vendor/laravel/framework/src/Illuminate/Console/Concerns/CallsCommands.php(56): Illuminate\\Console\\Command->run()
#38 /home/mrx/Downloads/ranioptical-laravel/vendor/laravel/framework/src/Illuminate/Console/Concerns/CallsCommands.php(28): Illuminate\\Console\\Command->runCommand()
#39 /home/mrx/Downloads/ranioptical-laravel/vendor/laravel/framework/src/Illuminate/Database/Console/Migrations/MigrateCommand.php(79): Illuminate\\Console\\Command->call()
#40 /home/mrx/Downloads/ranioptical-laravel/vendor/laravel/framework/src/Illuminate/Database/Migrations/Migrator.php(541): Illuminate\\Database\\Console\\Migrations\\MigrateCommand->Illuminate\\Database\\Console\\Migrations\\{closure}()
#41 /home/mrx/Downloads/ranioptical-laravel/vendor/laravel/framework/src/Illuminate/Database/Console/Migrations/MigrateCommand.php(81): Illuminate\\Database\\Migrations\\Migrator->usingConnection()
#42 /home/mrx/Downloads/ranioptical-laravel/vendor/laravel/framework/src/Illuminate/Container/BoundMethod.php(36): Illuminate\\Database\\Console\\Migrations\\MigrateCommand->handle()
#43 /home/mrx/Downloads/ranioptical-laravel/vendor/laravel/framework/src/Illuminate/Container/Util.php(37): Illuminate\\Container\\BoundMethod::Illuminate\\Container\\{closure}()
#44 /home/mrx/Downloads/ranioptical-laravel/vendor/laravel/framework/src/Illuminate/Container/BoundMethod.php(93): Illuminate\\Container\\Util::unwrapIfClosure()
#45 /home/mrx/Downloads/ranioptical-laravel/vendor/laravel/framework/src/Illuminate/Container/BoundMethod.php(37): Illuminate\\Container\\BoundMethod::callBoundMethod()
#46 /home/mrx/Downloads/ranioptical-laravel/vendor/laravel/framework/src/Illuminate/Container/Container.php(596): Illuminate\\Container\\BoundMethod::call()
#47 /home/mrx/Downloads/ranioptical-laravel/vendor/laravel/framework/src/Illuminate/Console/Command.php(134): Illuminate\\Container\\Container->call()
#48 /home/mrx/Downloads/ranioptical-laravel/vendor/symfony/console/Command/Command.php(299): Illuminate\\Console\\Command->execute()
#49 /home/mrx/Downloads/ranioptical-laravel/vendor/laravel/framework/src/Illuminate/Console/Command.php(121): Symfony\\Component\\Console\\Command\\Command->run()
#50 /home/mrx/Downloads/ranioptical-laravel/vendor/symfony/console/Application.php(978): Illuminate\\Console\\Command->run()
#51 /home/mrx/Downloads/ranioptical-laravel/vendor/symfony/console/Application.php(295): Symfony\\Component\\Console\\Application->doRunCommand()
#52 /home/mrx/Downloads/ranioptical-laravel/vendor/symfony/console/Application.php(167): Symfony\\Component\\Console\\Application->doRun()
#53 /home/mrx/Downloads/ranioptical-laravel/vendor/laravel/framework/src/Illuminate/Console/Application.php(93): Symfony\\Component\\Console\\Application->run()
#54 /home/mrx/Downloads/ranioptical-laravel/vendor/laravel/framework/src/Illuminate/Foundation/Console/Kernel.php(129): Illuminate\\Console\\Application->run()
#55 /home/mrx/Downloads/ranioptical-laravel/artisan(37): Illuminate\\Foundation\\Console\\Kernel->handle()
#56 {main}
"} 
